[debug] [2025-03-16T15:21:06.920Z] ----------------------------------------------------------------------
[debug] [2025-03-16T15:21:06.922Z] Command:       /opt/homebrew/Cellar/node/23.10.0/bin/node /opt/homebrew/bin/firebase deploy --only functions --debug
[debug] [2025-03-16T15:21:06.922Z] CLI Version:   13.34.0
[debug] [2025-03-16T15:21:06.922Z] Platform:      darwin
[debug] [2025-03-16T15:21:06.922Z] Node Version:  v23.10.0
[debug] [2025-03-16T15:21:06.923Z] Time:          Sun Mar 16 2025 23:21:06 GMT+0800 (Singapore Standard Time)
[debug] [2025-03-16T15:21:06.923Z] ----------------------------------------------------------------------
[debug] 
[debug] [2025-03-16T15:21:07.046Z] > command requires scopes: ["email","openid","https://www.googleapis.com/auth/cloudplatformprojects.readonly","https://www.googleapis.com/auth/firebase","https://www.googleapis.com/auth/cloud-platform"]
[debug] [2025-03-16T15:21:07.047Z] > authorizing via signed-in user (noelleonggg@gmail.com)
[debug] [2025-03-16T15:21:07.047Z] [iam] checking project bao-car-liao for permissions ["cloudfunctions.functions.create","cloudfunctions.functions.delete","cloudfunctions.functions.get","cloudfunctions.functions.list","cloudfunctions.functions.update","cloudfunctions.operations.get","firebase.projects.get"]
[debug] [2025-03-16T15:21:07.048Z] Checked if tokens are valid: true, expires at: 1742141032070
[debug] [2025-03-16T15:21:07.048Z] Checked if tokens are valid: true, expires at: 1742141032070
[debug] [2025-03-16T15:21:07.048Z] >>> [apiv2][query] POST https://cloudresourcemanager.googleapis.com/v1/projects/bao-car-liao:testIamPermissions [none]
[debug] [2025-03-16T15:21:07.048Z] >>> [apiv2][(partial)header] POST https://cloudresourcemanager.googleapis.com/v1/projects/bao-car-liao:testIamPermissions x-goog-quota-user=projects/bao-car-liao
[debug] [2025-03-16T15:21:07.049Z] >>> [apiv2][body] POST https://cloudresourcemanager.googleapis.com/v1/projects/bao-car-liao:testIamPermissions {"permissions":["cloudfunctions.functions.create","cloudfunctions.functions.delete","cloudfunctions.functions.get","cloudfunctions.functions.list","cloudfunctions.functions.update","cloudfunctions.operations.get","firebase.projects.get"]}
[debug] [2025-03-16T15:21:08.184Z] <<< [apiv2][status] POST https://cloudresourcemanager.googleapis.com/v1/projects/bao-car-liao:testIamPermissions 200
[debug] [2025-03-16T15:21:08.185Z] <<< [apiv2][body] POST https://cloudresourcemanager.googleapis.com/v1/projects/bao-car-liao:testIamPermissions {"permissions":["cloudfunctions.functions.create","cloudfunctions.functions.delete","cloudfunctions.functions.get","cloudfunctions.functions.list","cloudfunctions.functions.update","cloudfunctions.operations.get","firebase.projects.get"]}
[debug] [2025-03-16T15:21:08.186Z] Checked if tokens are valid: true, expires at: 1742141032070
[debug] [2025-03-16T15:21:08.186Z] Checked if tokens are valid: true, expires at: 1742141032070
[debug] [2025-03-16T15:21:08.186Z] >>> [apiv2][query] POST https://iam.googleapis.com/v1/projects/bao-car-liao/serviceAccounts/bao-car-liao@appspot.gserviceaccount.com:testIamPermissions [none]
[debug] [2025-03-16T15:21:08.186Z] >>> [apiv2][body] POST https://iam.googleapis.com/v1/projects/bao-car-liao/serviceAccounts/bao-car-liao@appspot.gserviceaccount.com:testIamPermissions {"permissions":["iam.serviceAccounts.actAs"]}
[debug] [2025-03-16T15:21:09.517Z] <<< [apiv2][status] POST https://iam.googleapis.com/v1/projects/bao-car-liao/serviceAccounts/bao-car-liao@appspot.gserviceaccount.com:testIamPermissions 200
[debug] [2025-03-16T15:21:09.517Z] <<< [apiv2][body] POST https://iam.googleapis.com/v1/projects/bao-car-liao/serviceAccounts/bao-car-liao@appspot.gserviceaccount.com:testIamPermissions {"permissions":["iam.serviceAccounts.actAs"]}
[info] 
[info] === Deploying to 'bao-car-liao'...
[info] 
[info] i  deploying functions 
[debug] [2025-03-16T15:21:09.521Z] Checked if tokens are valid: true, expires at: 1742141032070
[debug] [2025-03-16T15:21:09.521Z] Checked if tokens are valid: true, expires at: 1742141032070
[debug] [2025-03-16T15:21:09.521Z] >>> [apiv2][query] GET https://cloudresourcemanager.googleapis.com/v1/projects/bao-car-liao [none]
[debug] [2025-03-16T15:21:09.814Z] <<< [apiv2][status] GET https://cloudresourcemanager.googleapis.com/v1/projects/bao-car-liao 200
[debug] [2025-03-16T15:21:09.815Z] <<< [apiv2][body] GET https://cloudresourcemanager.googleapis.com/v1/projects/bao-car-liao {"projectNumber":"584996100412","projectId":"bao-car-liao","lifecycleState":"ACTIVE","name":"bao-car-liao","labels":{"firebase":"enabled","firebase-core":"disabled"},"createTime":"2024-12-14T08:17:25.514840Z"}
[info] i  functions: preparing codebase default for deployment 
[info] i  functions: ensuring required API cloudfunctions.googleapis.com is enabled... 
[debug] [2025-03-16T15:21:09.817Z] Checked if tokens are valid: true, expires at: 1742141032070
[debug] [2025-03-16T15:21:09.817Z] Checked if tokens are valid: true, expires at: 1742141032070
[debug] [2025-03-16T15:21:09.817Z] Checked if tokens are valid: true, expires at: 1742141032070
[debug] [2025-03-16T15:21:09.818Z] Checked if tokens are valid: true, expires at: 1742141032070
[info] i  functions: ensuring required API cloudbuild.googleapis.com is enabled... 
[debug] [2025-03-16T15:21:09.818Z] Checked if tokens are valid: true, expires at: 1742141032070
[debug] [2025-03-16T15:21:09.818Z] Checked if tokens are valid: true, expires at: 1742141032070
[info] i  artifactregistry: ensuring required API artifactregistry.googleapis.com is enabled... 
[debug] [2025-03-16T15:21:09.819Z] Checked if tokens are valid: true, expires at: 1742141032070
[debug] [2025-03-16T15:21:09.819Z] Checked if tokens are valid: true, expires at: 1742141032070
[debug] [2025-03-16T15:21:09.819Z] >>> [apiv2][query] GET https://serviceusage.googleapis.com/v1/projects/bao-car-liao/services/cloudfunctions.googleapis.com [none]
[debug] [2025-03-16T15:21:09.819Z] >>> [apiv2][(partial)header] GET https://serviceusage.googleapis.com/v1/projects/bao-car-liao/services/cloudfunctions.googleapis.com x-goog-quota-user=projects/bao-car-liao
[debug] [2025-03-16T15:21:09.821Z] >>> [apiv2][query] GET https://serviceusage.googleapis.com/v1/projects/bao-car-liao/services/runtimeconfig.googleapis.com [none]
[debug] [2025-03-16T15:21:09.821Z] >>> [apiv2][(partial)header] GET https://serviceusage.googleapis.com/v1/projects/bao-car-liao/services/runtimeconfig.googleapis.com x-goog-quota-user=projects/bao-car-liao
[debug] [2025-03-16T15:21:09.823Z] >>> [apiv2][query] GET https://serviceusage.googleapis.com/v1/projects/bao-car-liao/services/cloudbuild.googleapis.com [none]
[debug] [2025-03-16T15:21:09.823Z] >>> [apiv2][(partial)header] GET https://serviceusage.googleapis.com/v1/projects/bao-car-liao/services/cloudbuild.googleapis.com x-goog-quota-user=projects/bao-car-liao
[debug] [2025-03-16T15:21:09.824Z] >>> [apiv2][query] GET https://serviceusage.googleapis.com/v1/projects/bao-car-liao/services/artifactregistry.googleapis.com [none]
[debug] [2025-03-16T15:21:09.824Z] >>> [apiv2][(partial)header] GET https://serviceusage.googleapis.com/v1/projects/bao-car-liao/services/artifactregistry.googleapis.com x-goog-quota-user=projects/bao-car-liao
[debug] [2025-03-16T15:21:11.163Z] <<< [apiv2][status] GET https://serviceusage.googleapis.com/v1/projects/bao-car-liao/services/cloudbuild.googleapis.com 200
[debug] [2025-03-16T15:21:11.163Z] <<< [apiv2][body] GET https://serviceusage.googleapis.com/v1/projects/bao-car-liao/services/cloudbuild.googleapis.com [omitted]
[info] ✔  functions: required API cloudbuild.googleapis.com is enabled 
[debug] [2025-03-16T15:21:11.165Z] <<< [apiv2][status] GET https://serviceusage.googleapis.com/v1/projects/bao-car-liao/services/artifactregistry.googleapis.com 200
[debug] [2025-03-16T15:21:11.165Z] <<< [apiv2][body] GET https://serviceusage.googleapis.com/v1/projects/bao-car-liao/services/artifactregistry.googleapis.com [omitted]
[info] ✔  artifactregistry: required API artifactregistry.googleapis.com is enabled 
[debug] [2025-03-16T15:21:11.166Z] <<< [apiv2][status] GET https://serviceusage.googleapis.com/v1/projects/bao-car-liao/services/runtimeconfig.googleapis.com 200
[debug] [2025-03-16T15:21:11.166Z] <<< [apiv2][body] GET https://serviceusage.googleapis.com/v1/projects/bao-car-liao/services/runtimeconfig.googleapis.com [omitted]
[debug] [2025-03-16T15:21:11.167Z] <<< [apiv2][status] GET https://serviceusage.googleapis.com/v1/projects/bao-car-liao/services/cloudfunctions.googleapis.com 200
[debug] [2025-03-16T15:21:11.167Z] <<< [apiv2][body] GET https://serviceusage.googleapis.com/v1/projects/bao-car-liao/services/cloudfunctions.googleapis.com [omitted]
[info] ✔  functions: required API cloudfunctions.googleapis.com is enabled 
[debug] [2025-03-16T15:21:11.168Z] Checked if tokens are valid: true, expires at: 1742141032070
[debug] [2025-03-16T15:21:11.168Z] Checked if tokens are valid: true, expires at: 1742141032070
[debug] [2025-03-16T15:21:11.168Z] >>> [apiv2][query] GET https://firebase.googleapis.com/v1beta1/projects/bao-car-liao/adminSdkConfig [none]
[debug] [2025-03-16T15:21:11.763Z] <<< [apiv2][status] GET https://firebase.googleapis.com/v1beta1/projects/bao-car-liao/adminSdkConfig 200
[debug] [2025-03-16T15:21:11.764Z] <<< [apiv2][body] GET https://firebase.googleapis.com/v1beta1/projects/bao-car-liao/adminSdkConfig {"projectId":"bao-car-liao","storageBucket":"bao-car-liao.firebasestorage.app"}
[debug] [2025-03-16T15:21:11.765Z] Checked if tokens are valid: true, expires at: 1742141032070
[debug] [2025-03-16T15:21:11.765Z] Checked if tokens are valid: true, expires at: 1742141032070
[debug] [2025-03-16T15:21:11.765Z] >>> [apiv2][query] GET https://runtimeconfig.googleapis.com/v1beta1/projects/bao-car-liao/configs [none]
[debug] [2025-03-16T15:21:12.850Z] <<< [apiv2][status] GET https://runtimeconfig.googleapis.com/v1beta1/projects/bao-car-liao/configs 200
[debug] [2025-03-16T15:21:12.850Z] <<< [apiv2][body] GET https://runtimeconfig.googleapis.com/v1beta1/projects/bao-car-liao/configs {}
[debug] [2025-03-16T15:21:12.852Z] Validating nodejs source
[warn] ⚠  functions: Runtime Node.js 18 will be deprecated on 2025-04-30 and will be decommissioned on 2025-10-31, after which you will not be able to deploy without upgrading. Consider upgrading now to avoid disruption. See https://cloud.google.com/functions/docs/runtime-support for full details on the lifecycle policy 
[warn] ⚠  functions: package.json indicates an outdated version of firebase-functions. Please upgrade using npm install --save firebase-functions@latest in your functions directory. 
[warn] ⚠  functions: Please note that there will be breaking changes when you upgrade. 
[debug] [2025-03-16T15:21:13.256Z] > [functions] package.json contents: {
  "name": "functions",
  "description": "Cloud Functions for Firebase",
  "scripts": {
    "serve": "firebase emulators:start --only functions",
    "deploy": "firebase deploy --only functions"
  },
  "engines": {
    "node": "18"
  },
  "main": "index.js",
  "dependencies": {
    "firebase-admin": "^11.5.0",
    "firebase-functions": "^4.2.0"
  },
  "private": true
}
[debug] [2025-03-16T15:21:13.256Z] Building nodejs source
[info] i  functions: Loading and analyzing source code for codebase default to determine what to deploy 
[info] i  functions: You are using a version of firebase-functions SDK (4.9.0) that does not have support for the newest Firebase Extensions features. Please update firebase-functions SDK to >=5.1.0 to use them correctly 
[debug] [2025-03-16T15:21:13.259Z] Could not find functions.yaml. Must use http discovery
[debug] [2025-03-16T15:21:13.264Z] Found firebase-functions binary at '/Users/noelleong/Documents/GitHub/NTU_FYP/functions/node_modules/.bin/firebase-functions'
[info] Serving at port 8147

[debug] [2025-03-16T15:21:13.515Z] Got response from /__/functions.yaml {"endpoints":{"updateAuthUser":{"platform":"gcfv1","labels":{},"availableMemoryMb":null,"timeoutSeconds":null,"minInstances":null,"maxInstances":null,"ingressSettings":null,"serviceAccountEmail":null,"vpc":null,"callableTrigger":{},"entryPoint":"updateAuthUser"},"deleteUser":{"platform":"gcfv1","labels":{},"availableMemoryMb":null,"timeoutSeconds":null,"minInstances":null,"maxInstances":null,"ingressSettings":null,"serviceAccountEmail":null,"vpc":null,"callableTrigger":{},"entryPoint":"deleteUser"}},"specVersion":"v1alpha1","requiredAPIs":[]}
[info] i  functions: preparing functions directory for uploading... 
[info] i  functions: packaged /Users/noelleong/Documents/GitHub/NTU_FYP/functions (39.31 KB) for uploading 
[debug] [2025-03-16T15:21:17.566Z] Checked if tokens are valid: true, expires at: 1742141032070
[debug] [2025-03-16T15:21:17.567Z] Checked if tokens are valid: true, expires at: 1742141032070
[debug] [2025-03-16T15:21:17.567Z] >>> [apiv2][query] GET https://cloudfunctions.googleapis.com/v1/projects/bao-car-liao/locations/-/functions [none]
[debug] [2025-03-16T15:21:18.418Z] <<< [apiv2][status] GET https://cloudfunctions.googleapis.com/v1/projects/bao-car-liao/locations/-/functions 200
[debug] [2025-03-16T15:21:18.419Z] <<< [apiv2][body] GET https://cloudfunctions.googleapis.com/v1/projects/bao-car-liao/locations/-/functions {}
[debug] [2025-03-16T15:21:18.420Z] Checked if tokens are valid: true, expires at: 1742141032070
[debug] [2025-03-16T15:21:18.420Z] Checked if tokens are valid: true, expires at: 1742141032070
[debug] [2025-03-16T15:21:18.420Z] >>> [apiv2][query] GET https://cloudfunctions.googleapis.com/v2/projects/bao-car-liao/locations/-/functions filter=environment%3D%22GEN_2%22
[debug] [2025-03-16T15:21:19.949Z] <<< [apiv2][status] GET https://cloudfunctions.googleapis.com/v2/projects/bao-car-liao/locations/-/functions 200
[debug] [2025-03-16T15:21:19.949Z] <<< [apiv2][body] GET https://cloudfunctions.googleapis.com/v2/projects/bao-car-liao/locations/-/functions {}
[debug] [2025-03-16T15:21:19.957Z] Checked if tokens are valid: true, expires at: 1742141032070
[debug] [2025-03-16T15:21:19.957Z] Checked if tokens are valid: true, expires at: 1742141032070
[debug] [2025-03-16T15:21:19.958Z] >>> [apiv2][query] GET https://cloudresourcemanager.googleapis.com/v1/projects/bao-car-liao [none]
[debug] [2025-03-16T15:21:21.017Z] <<< [apiv2][status] GET https://cloudresourcemanager.googleapis.com/v1/projects/bao-car-liao 200
[debug] [2025-03-16T15:21:21.018Z] <<< [apiv2][body] GET https://cloudresourcemanager.googleapis.com/v1/projects/bao-car-liao {"projectNumber":"584996100412","projectId":"bao-car-liao","lifecycleState":"ACTIVE","name":"bao-car-liao","labels":{"firebase":"enabled","firebase-core":"disabled"},"createTime":"2024-12-14T08:17:25.514840Z"}
[debug] [2025-03-16T15:21:21.020Z] Checked if tokens are valid: true, expires at: 1742141032070
[debug] [2025-03-16T15:21:21.020Z] Checked if tokens are valid: true, expires at: 1742141032070
[debug] [2025-03-16T15:21:21.020Z] >>> [apiv2][query] POST https://cloudfunctions.googleapis.com/v1/projects/bao-car-liao/locations/us-central1/functions:generateUploadUrl [none]
[debug] [2025-03-16T15:21:21.020Z] >>> [apiv2][body] POST https://cloudfunctions.googleapis.com/v1/projects/bao-car-liao/locations/us-central1/functions:generateUploadUrl {}
[debug] [2025-03-16T15:21:21.895Z] <<< [apiv2][status] POST https://cloudfunctions.googleapis.com/v1/projects/bao-car-liao/locations/us-central1/functions:generateUploadUrl 200
[debug] [2025-03-16T15:21:21.895Z] <<< [apiv2][body] POST https://cloudfunctions.googleapis.com/v1/projects/bao-car-liao/locations/us-central1/functions:generateUploadUrl {"uploadUrl":"https://storage.googleapis.com/uploads-65469306917.us-central1.cloudfunctions.appspot.com/4358b198-0843-4ba9-a04c-60df05c2f222.zip?GoogleAccessId=service-584996100412@gcf-admin-robot.iam.gserviceaccount.com&Expires=1742140281&Signature=D0T8cYDAIOs2iK60VtNuKMH%2B3%2BWNAvXcf%2FgSiBW0NjPbh2oUHi%2FguRDyq4S4BL5%2BGPM3ZjnqbsJQ1%2F8YlANZwQKwoJwPghc8yQni00D5nwU1NfE03ktmIrEGnh3zyqMCKNxyn0JlWjC2Y%2B%2F5XzwJGVlEjH5iDMexzqRLIjTi2a9RgdgljgeeDFOKVqSDrqfFXt4znO11BBqc9BFH93EdfcpnMluEUbZdT24cbhlViA%2Ba%2BrJaQgnjfh5sWDu%2BZ0gIwxhISTqrKH7J5vPpBZvQD7ZR6L0nZeB5kHcl1tdwRhTH5iTN2tjDBCzFsBTjvjMsxbTd%2BoTCVDYQwCQSBpo8fg%3D%3D"}
[debug] [2025-03-16T15:21:21.897Z] >>> [apiv2][query] PUT https://storage.googleapis.com/uploads-65469306917.us-central1.cloudfunctions.appspot.com/4358b198-0843-4ba9-a04c-60df05c2f222.zip GoogleAccessId=service-584996100412%40gcf-admin-robot.iam.gserviceaccount.com&Expires=1742140281&Signature=D0T8cYDAIOs2iK60VtNuKMH%2B3%2BWNAvXcf%2FgSiBW0NjPbh2oUHi%2FguRDyq4S4BL5%2BGPM3ZjnqbsJQ1%2F8YlANZwQKwoJwPghc8yQni00D5nwU1NfE03ktmIrEGnh3zyqMCKNxyn0JlWjC2Y%2B%2F5XzwJGVlEjH5iDMexzqRLIjTi2a9RgdgljgeeDFOKVqSDrqfFXt4znO11BBqc9BFH93EdfcpnMluEUbZdT24cbhlViA%2Ba%2BrJaQgnjfh5sWDu%2BZ0gIwxhISTqrKH7J5vPpBZvQD7ZR6L0nZeB5kHcl1tdwRhTH5iTN2tjDBCzFsBTjvjMsxbTd%2BoTCVDYQwCQSBpo8fg%3D%3D
[debug] [2025-03-16T15:21:21.897Z] >>> [apiv2][body] PUT https://storage.googleapis.com/uploads-65469306917.us-central1.cloudfunctions.appspot.com/4358b198-0843-4ba9-a04c-60df05c2f222.zip [stream]
[debug] [2025-03-16T15:21:22.413Z] <<< [apiv2][status] PUT https://storage.googleapis.com/uploads-65469306917.us-central1.cloudfunctions.appspot.com/4358b198-0843-4ba9-a04c-60df05c2f222.zip 200
[debug] [2025-03-16T15:21:22.413Z] <<< [apiv2][body] PUT https://storage.googleapis.com/uploads-65469306917.us-central1.cloudfunctions.appspot.com/4358b198-0843-4ba9-a04c-60df05c2f222.zip [omitted]
[info] ✔  functions: functions folder uploaded successfully 
[info] i  functions: creating Node.js 18 (1st Gen) function updateAuthUser(us-central1)... 
[info] i  functions: creating Node.js 18 (1st Gen) function deleteUser(us-central1)... 
[debug] [2025-03-16T15:21:22.421Z] Checked if tokens are valid: true, expires at: 1742141032070
[debug] [2025-03-16T15:21:22.421Z] Checked if tokens are valid: true, expires at: 1742141032070
[debug] [2025-03-16T15:21:22.421Z] >>> [apiv2][query] POST https://cloudfunctions.googleapis.com/v1/projects/bao-car-liao/locations/us-central1/functions [none]
[debug] [2025-03-16T15:21:22.421Z] >>> [apiv2][body] POST https://cloudfunctions.googleapis.com/v1/projects/bao-car-liao/locations/us-central1/functions {"name":"projects/bao-car-liao/locations/us-central1/functions/updateAuthUser","sourceUploadUrl":"https://storage.googleapis.com/uploads-65469306917.us-central1.cloudfunctions.appspot.com/4358b198-0843-4ba9-a04c-60df05c2f222.zip?GoogleAccessId=service-584996100412@gcf-admin-robot.iam.gserviceaccount.com&Expires=1742140281&Signature=D0T8cYDAIOs2iK60VtNuKMH%2B3%2BWNAvXcf%2FgSiBW0NjPbh2oUHi%2FguRDyq4S4BL5%2BGPM3ZjnqbsJQ1%2F8YlANZwQKwoJwPghc8yQni00D5nwU1NfE03ktmIrEGnh3zyqMCKNxyn0JlWjC2Y%2B%2F5XzwJGVlEjH5iDMexzqRLIjTi2a9RgdgljgeeDFOKVqSDrqfFXt4znO11BBqc9BFH93EdfcpnMluEUbZdT24cbhlViA%2Ba%2BrJaQgnjfh5sWDu%2BZ0gIwxhISTqrKH7J5vPpBZvQD7ZR6L0nZeB5kHcl1tdwRhTH5iTN2tjDBCzFsBTjvjMsxbTd%2BoTCVDYQwCQSBpo8fg%3D%3D","entryPoint":"updateAuthUser","runtime":"nodejs18","dockerRegistry":"ARTIFACT_REGISTRY","labels":{"deployment-tool":"cli-firebase","deployment-callable":"true","firebase-functions-hash":"2c6d9be6857a6c81d469501787a97faa08583a66"},"httpsTrigger":{"securityLevel":"SECURE_ALWAYS"},"minInstances":null,"maxInstances":null,"ingressSettings":null,"environmentVariables":{"FIREBASE_CONFIG":"{\"projectId\":\"bao-car-liao\",\"storageBucket\":\"bao-car-liao.firebasestorage.app\"}","GCLOUD_PROJECT":"bao-car-liao","EVENTARC_CLOUD_EVENT_SOURCE":"projects/bao-car-liao/locations/us-central1/functions/updateAuthUser"},"serviceAccountEmail":null,"availableMemoryMb":null,"timeout":null,"vpcConnector":null,"vpcConnectorEgressSettings":null,"buildEnvironmentVariables":{"GOOGLE_NODE_RUN_SCRIPTS":""}}
[debug] [2025-03-16T15:21:23.329Z] <<< [apiv2][status] POST https://cloudfunctions.googleapis.com/v1/projects/bao-car-liao/locations/us-central1/functions 200
[debug] [2025-03-16T15:21:23.329Z] <<< [apiv2][body] POST https://cloudfunctions.googleapis.com/v1/projects/bao-car-liao/locations/us-central1/functions {"name":"operations/cHJvamVjdHMvYmFvLWNhci1saWFvL2xvY2F0aW9ucy91cy1jZW50cmFsMS9vcGVyYXRpb25zL29wZXJhdGlvbi0xNzQyMTM4NDgyNzE1LTYzMDc3Mzk2OTY5ZWUtNDIyYzliMmItNGY5YTZjNGU","metadata":{"@type":"type.googleapis.com/google.cloud.functions.v1.OperationMetadataV1","target":"projects/bao-car-liao/locations/us-central1/functions/updateAuthUser","updateTime":"2025-03-16T15:21:23.182495465Z"}}
[debug] [2025-03-16T15:21:23.330Z] Checked if tokens are valid: true, expires at: 1742141032070
[debug] [2025-03-16T15:21:23.330Z] Checked if tokens are valid: true, expires at: 1742141032070
[debug] [2025-03-16T15:21:23.330Z] >>> [apiv2][query] GET https://cloudfunctions.googleapis.com/v1/operations/cHJvamVjdHMvYmFvLWNhci1saWFvL2xvY2F0aW9ucy91cy1jZW50cmFsMS9vcGVyYXRpb25zL29wZXJhdGlvbi0xNzQyMTM4NDgyNzE1LTYzMDc3Mzk2OTY5ZWUtNDIyYzliMmItNGY5YTZjNGU [none]
[debug] [2025-03-16T15:21:23.737Z] <<< [apiv2][status] GET https://cloudfunctions.googleapis.com/v1/operations/cHJvamVjdHMvYmFvLWNhci1saWFvL2xvY2F0aW9ucy91cy1jZW50cmFsMS9vcGVyYXRpb25zL29wZXJhdGlvbi0xNzQyMTM4NDgyNzE1LTYzMDc3Mzk2OTY5ZWUtNDIyYzliMmItNGY5YTZjNGU 200
[debug] [2025-03-16T15:21:23.737Z] <<< [apiv2][body] GET https://cloudfunctions.googleapis.com/v1/operations/cHJvamVjdHMvYmFvLWNhci1saWFvL2xvY2F0aW9ucy91cy1jZW50cmFsMS9vcGVyYXRpb25zL29wZXJhdGlvbi0xNzQyMTM4NDgyNzE1LTYzMDc3Mzk2OTY5ZWUtNDIyYzliMmItNGY5YTZjNGU {"name":"operations/cHJvamVjdHMvYmFvLWNhci1saWFvL2xvY2F0aW9ucy91cy1jZW50cmFsMS9vcGVyYXRpb25zL29wZXJhdGlvbi0xNzQyMTM4NDgyNzE1LTYzMDc3Mzk2OTY5ZWUtNDIyYzliMmItNGY5YTZjNGU","metadata":{"@type":"type.googleapis.com/google.cloud.functions.v1.OperationMetadataV1","target":"projects/bao-car-liao/locations/us-central1/functions/updateAuthUser","updateTime":"2025-03-16T15:21:23.182495465Z"}}
[debug] [2025-03-16T15:21:24.240Z] [create-default-us-central1-updateAuthUser] Retrying task index 0
[debug] [2025-03-16T15:21:24.241Z] Checked if tokens are valid: true, expires at: 1742141032070
[debug] [2025-03-16T15:21:24.242Z] Checked if tokens are valid: true, expires at: 1742141032070
[debug] [2025-03-16T15:21:24.242Z] >>> [apiv2][query] GET https://cloudfunctions.googleapis.com/v1/operations/cHJvamVjdHMvYmFvLWNhci1saWFvL2xvY2F0aW9ucy91cy1jZW50cmFsMS9vcGVyYXRpb25zL29wZXJhdGlvbi0xNzQyMTM4NDgyNzE1LTYzMDc3Mzk2OTY5ZWUtNDIyYzliMmItNGY5YTZjNGU [none]
[debug] [2025-03-16T15:21:24.612Z] <<< [apiv2][status] GET https://cloudfunctions.googleapis.com/v1/operations/cHJvamVjdHMvYmFvLWNhci1saWFvL2xvY2F0aW9ucy91cy1jZW50cmFsMS9vcGVyYXRpb25zL29wZXJhdGlvbi0xNzQyMTM4NDgyNzE1LTYzMDc3Mzk2OTY5ZWUtNDIyYzliMmItNGY5YTZjNGU 200
[debug] [2025-03-16T15:21:24.613Z] <<< [apiv2][body] GET https://cloudfunctions.googleapis.com/v1/operations/cHJvamVjdHMvYmFvLWNhci1saWFvL2xvY2F0aW9ucy91cy1jZW50cmFsMS9vcGVyYXRpb25zL29wZXJhdGlvbi0xNzQyMTM4NDgyNzE1LTYzMDc3Mzk2OTY5ZWUtNDIyYzliMmItNGY5YTZjNGU {"name":"operations/cHJvamVjdHMvYmFvLWNhci1saWFvL2xvY2F0aW9ucy91cy1jZW50cmFsMS9vcGVyYXRpb25zL29wZXJhdGlvbi0xNzQyMTM4NDgyNzE1LTYzMDc3Mzk2OTY5ZWUtNDIyYzliMmItNGY5YTZjNGU","metadata":{"@type":"type.googleapis.com/google.cloud.functions.v1.OperationMetadataV1","target":"projects/bao-car-liao/locations/us-central1/functions/updateAuthUser","type":"CREATE_FUNCTION","request":{"@type":"type.googleapis.com/google.cloud.functions.v1.CloudFunction","name":"projects/bao-car-liao/locations/us-central1/functions/updateAuthUser","httpsTrigger":{"securityLevel":"SECURE_ALWAYS"},"entryPoint":"updateAuthUser","updateTime":"1970-01-01T00:00:00Z","labels":{"deployment-tool":"cli-firebase","deployment-callable":"true","firebase-functions-hash":"2c6d9be6857a6c81d469501787a97faa08583a66"},"sourceUploadUrl":"https://storage.googleapis.com/uploads-65469306917.us-central1.cloudfunctions.appspot.com/4358b198-0843-4ba9-a04c-60df05c2f222.zip?GoogleAccessId=service-584996100412@gcf-admin-robot.iam.gserviceaccount.com&Expires=1742140281&Signature=D0T8cYDAIOs2iK60VtNuKMH%2B3%2BWNAvXcf%2FgSiBW0NjPbh2oUHi%2FguRDyq4S4BL5%2BGPM3ZjnqbsJQ1%2F8YlANZwQKwoJwPghc8yQni00D5nwU1NfE03ktmIrEGnh3zyqMCKNxyn0JlWjC2Y%2B%2F5XzwJGVlEjH5iDMexzqRLIjTi2a9RgdgljgeeDFOKVqSDrqfFXt4znO11BBqc9BFH93EdfcpnMluEUbZdT24cbhlViA%2Ba%2BrJaQgnjfh5sWDu%2BZ0gIwxhISTqrKH7J5vPpBZvQD7ZR6L0nZeB5kHcl1tdwRhTH5iTN2tjDBCzFsBTjvjMsxbTd%2BoTCVDYQwCQSBpo8fg%3D%3D","environmentVariables":{"FIREBASE_CONFIG":"{\"projectId\":\"bao-car-liao\",\"storageBucket\":\"bao-car-liao.firebasestorage.app\"}","GCLOUD_PROJECT":"bao-car-liao","EVENTARC_CLOUD_EVENT_SOURCE":"projects/bao-car-liao/locations/us-central1/functions/updateAuthUser"},"runtime":"nodejs18","buildEnvironmentVariables":{"GOOGLE_NODE_RUN_SCRIPTS":""},"dockerRegistry":"ARTIFACT_REGISTRY"},"versionId":"1","updateTime":"2025-03-16T15:21:23.182495465Z"}}
[debug] [2025-03-16T15:21:25.614Z] [create-default-us-central1-updateAuthUser] Retrying task index 0
[debug] [2025-03-16T15:21:25.615Z] Checked if tokens are valid: true, expires at: 1742141032070
[debug] [2025-03-16T15:21:25.615Z] Checked if tokens are valid: true, expires at: 1742141032070
[debug] [2025-03-16T15:21:25.616Z] >>> [apiv2][query] GET https://cloudfunctions.googleapis.com/v1/operations/cHJvamVjdHMvYmFvLWNhci1saWFvL2xvY2F0aW9ucy91cy1jZW50cmFsMS9vcGVyYXRpb25zL29wZXJhdGlvbi0xNzQyMTM4NDgyNzE1LTYzMDc3Mzk2OTY5ZWUtNDIyYzliMmItNGY5YTZjNGU [none]
[debug] [2025-03-16T15:21:26.035Z] <<< [apiv2][status] GET https://cloudfunctions.googleapis.com/v1/operations/cHJvamVjdHMvYmFvLWNhci1saWFvL2xvY2F0aW9ucy91cy1jZW50cmFsMS9vcGVyYXRpb25zL29wZXJhdGlvbi0xNzQyMTM4NDgyNzE1LTYzMDc3Mzk2OTY5ZWUtNDIyYzliMmItNGY5YTZjNGU 200
[debug] [2025-03-16T15:21:26.035Z] <<< [apiv2][body] GET https://cloudfunctions.googleapis.com/v1/operations/cHJvamVjdHMvYmFvLWNhci1saWFvL2xvY2F0aW9ucy91cy1jZW50cmFsMS9vcGVyYXRpb25zL29wZXJhdGlvbi0xNzQyMTM4NDgyNzE1LTYzMDc3Mzk2OTY5ZWUtNDIyYzliMmItNGY5YTZjNGU {"name":"operations/cHJvamVjdHMvYmFvLWNhci1saWFvL2xvY2F0aW9ucy91cy1jZW50cmFsMS9vcGVyYXRpb25zL29wZXJhdGlvbi0xNzQyMTM4NDgyNzE1LTYzMDc3Mzk2OTY5ZWUtNDIyYzliMmItNGY5YTZjNGU","metadata":{"@type":"type.googleapis.com/google.cloud.functions.v1.OperationMetadataV1","target":"projects/bao-car-liao/locations/us-central1/functions/updateAuthUser","type":"CREATE_FUNCTION","request":{"@type":"type.googleapis.com/google.cloud.functions.v1.CloudFunction","name":"projects/bao-car-liao/locations/us-central1/functions/updateAuthUser","httpsTrigger":{"securityLevel":"SECURE_ALWAYS"},"entryPoint":"updateAuthUser","updateTime":"1970-01-01T00:00:00Z","labels":{"deployment-tool":"cli-firebase","deployment-callable":"true","firebase-functions-hash":"2c6d9be6857a6c81d469501787a97faa08583a66"},"sourceUploadUrl":"https://storage.googleapis.com/uploads-65469306917.us-central1.cloudfunctions.appspot.com/4358b198-0843-4ba9-a04c-60df05c2f222.zip?GoogleAccessId=service-584996100412@gcf-admin-robot.iam.gserviceaccount.com&Expires=1742140281&Signature=D0T8cYDAIOs2iK60VtNuKMH%2B3%2BWNAvXcf%2FgSiBW0NjPbh2oUHi%2FguRDyq4S4BL5%2BGPM3ZjnqbsJQ1%2F8YlANZwQKwoJwPghc8yQni00D5nwU1NfE03ktmIrEGnh3zyqMCKNxyn0JlWjC2Y%2B%2F5XzwJGVlEjH5iDMexzqRLIjTi2a9RgdgljgeeDFOKVqSDrqfFXt4znO11BBqc9BFH93EdfcpnMluEUbZdT24cbhlViA%2Ba%2BrJaQgnjfh5sWDu%2BZ0gIwxhISTqrKH7J5vPpBZvQD7ZR6L0nZeB5kHcl1tdwRhTH5iTN2tjDBCzFsBTjvjMsxbTd%2BoTCVDYQwCQSBpo8fg%3D%3D","environmentVariables":{"FIREBASE_CONFIG":"{\"projectId\":\"bao-car-liao\",\"storageBucket\":\"bao-car-liao.firebasestorage.app\"}","GCLOUD_PROJECT":"bao-car-liao","EVENTARC_CLOUD_EVENT_SOURCE":"projects/bao-car-liao/locations/us-central1/functions/updateAuthUser"},"runtime":"nodejs18","buildEnvironmentVariables":{"GOOGLE_NODE_RUN_SCRIPTS":""},"dockerRegistry":"ARTIFACT_REGISTRY"},"versionId":"1","updateTime":"2025-03-16T15:21:23.182495465Z"}}
[debug] [2025-03-16T15:21:28.037Z] [create-default-us-central1-updateAuthUser] Retrying task index 0
[debug] [2025-03-16T15:21:28.038Z] Checked if tokens are valid: true, expires at: 1742141032070
[debug] [2025-03-16T15:21:28.038Z] Checked if tokens are valid: true, expires at: 1742141032070
[debug] [2025-03-16T15:21:28.039Z] >>> [apiv2][query] GET https://cloudfunctions.googleapis.com/v1/operations/cHJvamVjdHMvYmFvLWNhci1saWFvL2xvY2F0aW9ucy91cy1jZW50cmFsMS9vcGVyYXRpb25zL29wZXJhdGlvbi0xNzQyMTM4NDgyNzE1LTYzMDc3Mzk2OTY5ZWUtNDIyYzliMmItNGY5YTZjNGU [none]
[debug] [2025-03-16T15:21:28.449Z] <<< [apiv2][status] GET https://cloudfunctions.googleapis.com/v1/operations/cHJvamVjdHMvYmFvLWNhci1saWFvL2xvY2F0aW9ucy91cy1jZW50cmFsMS9vcGVyYXRpb25zL29wZXJhdGlvbi0xNzQyMTM4NDgyNzE1LTYzMDc3Mzk2OTY5ZWUtNDIyYzliMmItNGY5YTZjNGU 200
[debug] [2025-03-16T15:21:28.449Z] <<< [apiv2][body] GET https://cloudfunctions.googleapis.com/v1/operations/cHJvamVjdHMvYmFvLWNhci1saWFvL2xvY2F0aW9ucy91cy1jZW50cmFsMS9vcGVyYXRpb25zL29wZXJhdGlvbi0xNzQyMTM4NDgyNzE1LTYzMDc3Mzk2OTY5ZWUtNDIyYzliMmItNGY5YTZjNGU {"name":"operations/cHJvamVjdHMvYmFvLWNhci1saWFvL2xvY2F0aW9ucy91cy1jZW50cmFsMS9vcGVyYXRpb25zL29wZXJhdGlvbi0xNzQyMTM4NDgyNzE1LTYzMDc3Mzk2OTY5ZWUtNDIyYzliMmItNGY5YTZjNGU","metadata":{"@type":"type.googleapis.com/google.cloud.functions.v1.OperationMetadataV1","target":"projects/bao-car-liao/locations/us-central1/functions/updateAuthUser","type":"CREATE_FUNCTION","request":{"@type":"type.googleapis.com/google.cloud.functions.v1.CloudFunction","name":"projects/bao-car-liao/locations/us-central1/functions/updateAuthUser","httpsTrigger":{"securityLevel":"SECURE_ALWAYS"},"entryPoint":"updateAuthUser","updateTime":"1970-01-01T00:00:00Z","labels":{"deployment-tool":"cli-firebase","deployment-callable":"true","firebase-functions-hash":"2c6d9be6857a6c81d469501787a97faa08583a66"},"sourceUploadUrl":"https://storage.googleapis.com/uploads-65469306917.us-central1.cloudfunctions.appspot.com/4358b198-0843-4ba9-a04c-60df05c2f222.zip?GoogleAccessId=service-584996100412@gcf-admin-robot.iam.gserviceaccount.com&Expires=1742140281&Signature=D0T8cYDAIOs2iK60VtNuKMH%2B3%2BWNAvXcf%2FgSiBW0NjPbh2oUHi%2FguRDyq4S4BL5%2BGPM3ZjnqbsJQ1%2F8YlANZwQKwoJwPghc8yQni00D5nwU1NfE03ktmIrEGnh3zyqMCKNxyn0JlWjC2Y%2B%2F5XzwJGVlEjH5iDMexzqRLIjTi2a9RgdgljgeeDFOKVqSDrqfFXt4znO11BBqc9BFH93EdfcpnMluEUbZdT24cbhlViA%2Ba%2BrJaQgnjfh5sWDu%2BZ0gIwxhISTqrKH7J5vPpBZvQD7ZR6L0nZeB5kHcl1tdwRhTH5iTN2tjDBCzFsBTjvjMsxbTd%2BoTCVDYQwCQSBpo8fg%3D%3D","environmentVariables":{"FIREBASE_CONFIG":"{\"projectId\":\"bao-car-liao\",\"storageBucket\":\"bao-car-liao.firebasestorage.app\"}","GCLOUD_PROJECT":"bao-car-liao","EVENTARC_CLOUD_EVENT_SOURCE":"projects/bao-car-liao/locations/us-central1/functions/updateAuthUser"},"runtime":"nodejs18","buildEnvironmentVariables":{"GOOGLE_NODE_RUN_SCRIPTS":""},"dockerRegistry":"ARTIFACT_REGISTRY"},"versionId":"1","updateTime":"2025-03-16T15:21:23.182495465Z"}}
[debug] [2025-03-16T15:21:32.451Z] [create-default-us-central1-updateAuthUser] Retrying task index 0
[debug] [2025-03-16T15:21:32.452Z] Checked if tokens are valid: true, expires at: 1742141032070
[debug] [2025-03-16T15:21:32.452Z] Checked if tokens are valid: true, expires at: 1742141032070
[debug] [2025-03-16T15:21:32.453Z] >>> [apiv2][query] GET https://cloudfunctions.googleapis.com/v1/operations/cHJvamVjdHMvYmFvLWNhci1saWFvL2xvY2F0aW9ucy91cy1jZW50cmFsMS9vcGVyYXRpb25zL29wZXJhdGlvbi0xNzQyMTM4NDgyNzE1LTYzMDc3Mzk2OTY5ZWUtNDIyYzliMmItNGY5YTZjNGU [none]
[debug] [2025-03-16T15:21:32.752Z] <<< [apiv2][status] GET https://cloudfunctions.googleapis.com/v1/operations/cHJvamVjdHMvYmFvLWNhci1saWFvL2xvY2F0aW9ucy91cy1jZW50cmFsMS9vcGVyYXRpb25zL29wZXJhdGlvbi0xNzQyMTM4NDgyNzE1LTYzMDc3Mzk2OTY5ZWUtNDIyYzliMmItNGY5YTZjNGU 200
[debug] [2025-03-16T15:21:32.752Z] <<< [apiv2][body] GET https://cloudfunctions.googleapis.com/v1/operations/cHJvamVjdHMvYmFvLWNhci1saWFvL2xvY2F0aW9ucy91cy1jZW50cmFsMS9vcGVyYXRpb25zL29wZXJhdGlvbi0xNzQyMTM4NDgyNzE1LTYzMDc3Mzk2OTY5ZWUtNDIyYzliMmItNGY5YTZjNGU {"name":"operations/cHJvamVjdHMvYmFvLWNhci1saWFvL2xvY2F0aW9ucy91cy1jZW50cmFsMS9vcGVyYXRpb25zL29wZXJhdGlvbi0xNzQyMTM4NDgyNzE1LTYzMDc3Mzk2OTY5ZWUtNDIyYzliMmItNGY5YTZjNGU","metadata":{"@type":"type.googleapis.com/google.cloud.functions.v1.OperationMetadataV1","target":"projects/bao-car-liao/locations/us-central1/functions/updateAuthUser","type":"CREATE_FUNCTION","request":{"@type":"type.googleapis.com/google.cloud.functions.v1.CloudFunction","name":"projects/bao-car-liao/locations/us-central1/functions/updateAuthUser","httpsTrigger":{"securityLevel":"SECURE_ALWAYS"},"entryPoint":"updateAuthUser","updateTime":"1970-01-01T00:00:00Z","labels":{"deployment-tool":"cli-firebase","deployment-callable":"true","firebase-functions-hash":"2c6d9be6857a6c81d469501787a97faa08583a66"},"sourceUploadUrl":"https://storage.googleapis.com/uploads-65469306917.us-central1.cloudfunctions.appspot.com/4358b198-0843-4ba9-a04c-60df05c2f222.zip?GoogleAccessId=service-584996100412@gcf-admin-robot.iam.gserviceaccount.com&Expires=1742140281&Signature=D0T8cYDAIOs2iK60VtNuKMH%2B3%2BWNAvXcf%2FgSiBW0NjPbh2oUHi%2FguRDyq4S4BL5%2BGPM3ZjnqbsJQ1%2F8YlANZwQKwoJwPghc8yQni00D5nwU1NfE03ktmIrEGnh3zyqMCKNxyn0JlWjC2Y%2B%2F5XzwJGVlEjH5iDMexzqRLIjTi2a9RgdgljgeeDFOKVqSDrqfFXt4znO11BBqc9BFH93EdfcpnMluEUbZdT24cbhlViA%2Ba%2BrJaQgnjfh5sWDu%2BZ0gIwxhISTqrKH7J5vPpBZvQD7ZR6L0nZeB5kHcl1tdwRhTH5iTN2tjDBCzFsBTjvjMsxbTd%2BoTCVDYQwCQSBpo8fg%3D%3D","environmentVariables":{"FIREBASE_CONFIG":"{\"projectId\":\"bao-car-liao\",\"storageBucket\":\"bao-car-liao.firebasestorage.app\"}","GCLOUD_PROJECT":"bao-car-liao","EVENTARC_CLOUD_EVENT_SOURCE":"projects/bao-car-liao/locations/us-central1/functions/updateAuthUser"},"runtime":"nodejs18","buildEnvironmentVariables":{"GOOGLE_NODE_RUN_SCRIPTS":""},"dockerRegistry":"ARTIFACT_REGISTRY"},"versionId":"1","updateTime":"2025-03-16T15:21:23.182495465Z"}}
[debug] [2025-03-16T15:21:40.755Z] [create-default-us-central1-updateAuthUser] Retrying task index 0
[debug] [2025-03-16T15:21:40.756Z] Checked if tokens are valid: true, expires at: 1742141032070
[debug] [2025-03-16T15:21:40.756Z] Checked if tokens are valid: true, expires at: 1742141032070
[debug] [2025-03-16T15:21:40.756Z] >>> [apiv2][query] GET https://cloudfunctions.googleapis.com/v1/operations/cHJvamVjdHMvYmFvLWNhci1saWFvL2xvY2F0aW9ucy91cy1jZW50cmFsMS9vcGVyYXRpb25zL29wZXJhdGlvbi0xNzQyMTM4NDgyNzE1LTYzMDc3Mzk2OTY5ZWUtNDIyYzliMmItNGY5YTZjNGU [none]
[debug] [2025-03-16T15:21:41.147Z] <<< [apiv2][status] GET https://cloudfunctions.googleapis.com/v1/operations/cHJvamVjdHMvYmFvLWNhci1saWFvL2xvY2F0aW9ucy91cy1jZW50cmFsMS9vcGVyYXRpb25zL29wZXJhdGlvbi0xNzQyMTM4NDgyNzE1LTYzMDc3Mzk2OTY5ZWUtNDIyYzliMmItNGY5YTZjNGU 200
[debug] [2025-03-16T15:21:41.148Z] <<< [apiv2][body] GET https://cloudfunctions.googleapis.com/v1/operations/cHJvamVjdHMvYmFvLWNhci1saWFvL2xvY2F0aW9ucy91cy1jZW50cmFsMS9vcGVyYXRpb25zL29wZXJhdGlvbi0xNzQyMTM4NDgyNzE1LTYzMDc3Mzk2OTY5ZWUtNDIyYzliMmItNGY5YTZjNGU {"name":"operations/cHJvamVjdHMvYmFvLWNhci1saWFvL2xvY2F0aW9ucy91cy1jZW50cmFsMS9vcGVyYXRpb25zL29wZXJhdGlvbi0xNzQyMTM4NDgyNzE1LTYzMDc3Mzk2OTY5ZWUtNDIyYzliMmItNGY5YTZjNGU","metadata":{"@type":"type.googleapis.com/google.cloud.functions.v1.OperationMetadataV1","target":"projects/bao-car-liao/locations/us-central1/functions/updateAuthUser","type":"CREATE_FUNCTION","request":{"@type":"type.googleapis.com/google.cloud.functions.v1.CloudFunction","name":"projects/bao-car-liao/locations/us-central1/functions/updateAuthUser","httpsTrigger":{"securityLevel":"SECURE_ALWAYS"},"entryPoint":"updateAuthUser","updateTime":"1970-01-01T00:00:00Z","labels":{"deployment-tool":"cli-firebase","deployment-callable":"true","firebase-functions-hash":"2c6d9be6857a6c81d469501787a97faa08583a66"},"sourceUploadUrl":"https://storage.googleapis.com/uploads-65469306917.us-central1.cloudfunctions.appspot.com/4358b198-0843-4ba9-a04c-60df05c2f222.zip?GoogleAccessId=service-584996100412@gcf-admin-robot.iam.gserviceaccount.com&Expires=1742140281&Signature=D0T8cYDAIOs2iK60VtNuKMH%2B3%2BWNAvXcf%2FgSiBW0NjPbh2oUHi%2FguRDyq4S4BL5%2BGPM3ZjnqbsJQ1%2F8YlANZwQKwoJwPghc8yQni00D5nwU1NfE03ktmIrEGnh3zyqMCKNxyn0JlWjC2Y%2B%2F5XzwJGVlEjH5iDMexzqRLIjTi2a9RgdgljgeeDFOKVqSDrqfFXt4znO11BBqc9BFH93EdfcpnMluEUbZdT24cbhlViA%2Ba%2BrJaQgnjfh5sWDu%2BZ0gIwxhISTqrKH7J5vPpBZvQD7ZR6L0nZeB5kHcl1tdwRhTH5iTN2tjDBCzFsBTjvjMsxbTd%2BoTCVDYQwCQSBpo8fg%3D%3D","environmentVariables":{"FIREBASE_CONFIG":"{\"projectId\":\"bao-car-liao\",\"storageBucket\":\"bao-car-liao.firebasestorage.app\"}","GCLOUD_PROJECT":"bao-car-liao","EVENTARC_CLOUD_EVENT_SOURCE":"projects/bao-car-liao/locations/us-central1/functions/updateAuthUser"},"runtime":"nodejs18","buildEnvironmentVariables":{"GOOGLE_NODE_RUN_SCRIPTS":""},"dockerRegistry":"ARTIFACT_REGISTRY"},"versionId":"1","updateTime":"2025-03-16T15:21:23.182495465Z","buildId":"75b933fe-6507-457d-ad70-fe6bbd5776de","buildName":"projects/584996100412/locations/us-central1/builds/75b933fe-6507-457d-ad70-fe6bbd5776de"}}
[debug] [2025-03-16T15:21:51.150Z] [create-default-us-central1-updateAuthUser] Retrying task index 0
[debug] [2025-03-16T15:21:51.151Z] Checked if tokens are valid: true, expires at: 1742141032070
[debug] [2025-03-16T15:21:51.151Z] Checked if tokens are valid: true, expires at: 1742141032070
[debug] [2025-03-16T15:21:51.151Z] >>> [apiv2][query] GET https://cloudfunctions.googleapis.com/v1/operations/cHJvamVjdHMvYmFvLWNhci1saWFvL2xvY2F0aW9ucy91cy1jZW50cmFsMS9vcGVyYXRpb25zL29wZXJhdGlvbi0xNzQyMTM4NDgyNzE1LTYzMDc3Mzk2OTY5ZWUtNDIyYzliMmItNGY5YTZjNGU [none]
[debug] [2025-03-16T15:21:51.598Z] <<< [apiv2][status] GET https://cloudfunctions.googleapis.com/v1/operations/cHJvamVjdHMvYmFvLWNhci1saWFvL2xvY2F0aW9ucy91cy1jZW50cmFsMS9vcGVyYXRpb25zL29wZXJhdGlvbi0xNzQyMTM4NDgyNzE1LTYzMDc3Mzk2OTY5ZWUtNDIyYzliMmItNGY5YTZjNGU 200
[debug] [2025-03-16T15:21:51.599Z] <<< [apiv2][body] GET https://cloudfunctions.googleapis.com/v1/operations/cHJvamVjdHMvYmFvLWNhci1saWFvL2xvY2F0aW9ucy91cy1jZW50cmFsMS9vcGVyYXRpb25zL29wZXJhdGlvbi0xNzQyMTM4NDgyNzE1LTYzMDc3Mzk2OTY5ZWUtNDIyYzliMmItNGY5YTZjNGU {"name":"operations/cHJvamVjdHMvYmFvLWNhci1saWFvL2xvY2F0aW9ucy91cy1jZW50cmFsMS9vcGVyYXRpb25zL29wZXJhdGlvbi0xNzQyMTM4NDgyNzE1LTYzMDc3Mzk2OTY5ZWUtNDIyYzliMmItNGY5YTZjNGU","metadata":{"@type":"type.googleapis.com/google.cloud.functions.v1.OperationMetadataV1","target":"projects/bao-car-liao/locations/us-central1/functions/updateAuthUser","type":"CREATE_FUNCTION","request":{"@type":"type.googleapis.com/google.cloud.functions.v1.CloudFunction","name":"projects/bao-car-liao/locations/us-central1/functions/updateAuthUser","httpsTrigger":{"securityLevel":"SECURE_ALWAYS"},"entryPoint":"updateAuthUser","updateTime":"1970-01-01T00:00:00Z","labels":{"deployment-tool":"cli-firebase","deployment-callable":"true","firebase-functions-hash":"2c6d9be6857a6c81d469501787a97faa08583a66"},"sourceUploadUrl":"https://storage.googleapis.com/uploads-65469306917.us-central1.cloudfunctions.appspot.com/4358b198-0843-4ba9-a04c-60df05c2f222.zip?GoogleAccessId=service-584996100412@gcf-admin-robot.iam.gserviceaccount.com&Expires=1742140281&Signature=D0T8cYDAIOs2iK60VtNuKMH%2B3%2BWNAvXcf%2FgSiBW0NjPbh2oUHi%2FguRDyq4S4BL5%2BGPM3ZjnqbsJQ1%2F8YlANZwQKwoJwPghc8yQni00D5nwU1NfE03ktmIrEGnh3zyqMCKNxyn0JlWjC2Y%2B%2F5XzwJGVlEjH5iDMexzqRLIjTi2a9RgdgljgeeDFOKVqSDrqfFXt4znO11BBqc9BFH93EdfcpnMluEUbZdT24cbhlViA%2Ba%2BrJaQgnjfh5sWDu%2BZ0gIwxhISTqrKH7J5vPpBZvQD7ZR6L0nZeB5kHcl1tdwRhTH5iTN2tjDBCzFsBTjvjMsxbTd%2BoTCVDYQwCQSBpo8fg%3D%3D","environmentVariables":{"FIREBASE_CONFIG":"{\"projectId\":\"bao-car-liao\",\"storageBucket\":\"bao-car-liao.firebasestorage.app\"}","GCLOUD_PROJECT":"bao-car-liao","EVENTARC_CLOUD_EVENT_SOURCE":"projects/bao-car-liao/locations/us-central1/functions/updateAuthUser"},"runtime":"nodejs18","buildEnvironmentVariables":{"GOOGLE_NODE_RUN_SCRIPTS":""},"dockerRegistry":"ARTIFACT_REGISTRY"},"versionId":"1","updateTime":"2025-03-16T15:21:23.182495465Z","buildId":"75b933fe-6507-457d-ad70-fe6bbd5776de","buildName":"projects/584996100412/locations/us-central1/builds/75b933fe-6507-457d-ad70-fe6bbd5776de"}}
[debug] [2025-03-16T15:22:01.601Z] [create-default-us-central1-updateAuthUser] Retrying task index 0
[debug] [2025-03-16T15:22:01.602Z] Checked if tokens are valid: true, expires at: 1742141032070
[debug] [2025-03-16T15:22:01.602Z] Checked if tokens are valid: true, expires at: 1742141032070
[debug] [2025-03-16T15:22:01.603Z] >>> [apiv2][query] GET https://cloudfunctions.googleapis.com/v1/operations/cHJvamVjdHMvYmFvLWNhci1saWFvL2xvY2F0aW9ucy91cy1jZW50cmFsMS9vcGVyYXRpb25zL29wZXJhdGlvbi0xNzQyMTM4NDgyNzE1LTYzMDc3Mzk2OTY5ZWUtNDIyYzliMmItNGY5YTZjNGU [none]
[debug] [2025-03-16T15:22:02.038Z] <<< [apiv2][status] GET https://cloudfunctions.googleapis.com/v1/operations/cHJvamVjdHMvYmFvLWNhci1saWFvL2xvY2F0aW9ucy91cy1jZW50cmFsMS9vcGVyYXRpb25zL29wZXJhdGlvbi0xNzQyMTM4NDgyNzE1LTYzMDc3Mzk2OTY5ZWUtNDIyYzliMmItNGY5YTZjNGU 200
[debug] [2025-03-16T15:22:02.039Z] <<< [apiv2][body] GET https://cloudfunctions.googleapis.com/v1/operations/cHJvamVjdHMvYmFvLWNhci1saWFvL2xvY2F0aW9ucy91cy1jZW50cmFsMS9vcGVyYXRpb25zL29wZXJhdGlvbi0xNzQyMTM4NDgyNzE1LTYzMDc3Mzk2OTY5ZWUtNDIyYzliMmItNGY5YTZjNGU {"name":"operations/cHJvamVjdHMvYmFvLWNhci1saWFvL2xvY2F0aW9ucy91cy1jZW50cmFsMS9vcGVyYXRpb25zL29wZXJhdGlvbi0xNzQyMTM4NDgyNzE1LTYzMDc3Mzk2OTY5ZWUtNDIyYzliMmItNGY5YTZjNGU","metadata":{"@type":"type.googleapis.com/google.cloud.functions.v1.OperationMetadataV1","target":"projects/bao-car-liao/locations/us-central1/functions/updateAuthUser","type":"CREATE_FUNCTION","request":{"@type":"type.googleapis.com/google.cloud.functions.v1.CloudFunction","name":"projects/bao-car-liao/locations/us-central1/functions/updateAuthUser","httpsTrigger":{"securityLevel":"SECURE_ALWAYS"},"entryPoint":"updateAuthUser","updateTime":"1970-01-01T00:00:00Z","labels":{"deployment-tool":"cli-firebase","deployment-callable":"true","firebase-functions-hash":"2c6d9be6857a6c81d469501787a97faa08583a66"},"sourceUploadUrl":"https://storage.googleapis.com/uploads-65469306917.us-central1.cloudfunctions.appspot.com/4358b198-0843-4ba9-a04c-60df05c2f222.zip?GoogleAccessId=service-584996100412@gcf-admin-robot.iam.gserviceaccount.com&Expires=1742140281&Signature=D0T8cYDAIOs2iK60VtNuKMH%2B3%2BWNAvXcf%2FgSiBW0NjPbh2oUHi%2FguRDyq4S4BL5%2BGPM3ZjnqbsJQ1%2F8YlANZwQKwoJwPghc8yQni00D5nwU1NfE03ktmIrEGnh3zyqMCKNxyn0JlWjC2Y%2B%2F5XzwJGVlEjH5iDMexzqRLIjTi2a9RgdgljgeeDFOKVqSDrqfFXt4znO11BBqc9BFH93EdfcpnMluEUbZdT24cbhlViA%2Ba%2BrJaQgnjfh5sWDu%2BZ0gIwxhISTqrKH7J5vPpBZvQD7ZR6L0nZeB5kHcl1tdwRhTH5iTN2tjDBCzFsBTjvjMsxbTd%2BoTCVDYQwCQSBpo8fg%3D%3D","environmentVariables":{"FIREBASE_CONFIG":"{\"projectId\":\"bao-car-liao\",\"storageBucket\":\"bao-car-liao.firebasestorage.app\"}","GCLOUD_PROJECT":"bao-car-liao","EVENTARC_CLOUD_EVENT_SOURCE":"projects/bao-car-liao/locations/us-central1/functions/updateAuthUser"},"runtime":"nodejs18","buildEnvironmentVariables":{"GOOGLE_NODE_RUN_SCRIPTS":""},"dockerRegistry":"ARTIFACT_REGISTRY"},"versionId":"1","updateTime":"2025-03-16T15:21:23.182495465Z","buildId":"75b933fe-6507-457d-ad70-fe6bbd5776de","buildName":"projects/584996100412/locations/us-central1/builds/75b933fe-6507-457d-ad70-fe6bbd5776de"}}
[debug] [2025-03-16T15:22:12.041Z] [create-default-us-central1-updateAuthUser] Retrying task index 0
[debug] [2025-03-16T15:22:12.043Z] Checked if tokens are valid: true, expires at: 1742141032070
[debug] [2025-03-16T15:22:12.043Z] Checked if tokens are valid: true, expires at: 1742141032070
[debug] [2025-03-16T15:22:12.043Z] >>> [apiv2][query] GET https://cloudfunctions.googleapis.com/v1/operations/cHJvamVjdHMvYmFvLWNhci1saWFvL2xvY2F0aW9ucy91cy1jZW50cmFsMS9vcGVyYXRpb25zL29wZXJhdGlvbi0xNzQyMTM4NDgyNzE1LTYzMDc3Mzk2OTY5ZWUtNDIyYzliMmItNGY5YTZjNGU [none]
[debug] [2025-03-16T15:22:12.483Z] <<< [apiv2][status] GET https://cloudfunctions.googleapis.com/v1/operations/cHJvamVjdHMvYmFvLWNhci1saWFvL2xvY2F0aW9ucy91cy1jZW50cmFsMS9vcGVyYXRpb25zL29wZXJhdGlvbi0xNzQyMTM4NDgyNzE1LTYzMDc3Mzk2OTY5ZWUtNDIyYzliMmItNGY5YTZjNGU 200
[debug] [2025-03-16T15:22:12.484Z] <<< [apiv2][body] GET https://cloudfunctions.googleapis.com/v1/operations/cHJvamVjdHMvYmFvLWNhci1saWFvL2xvY2F0aW9ucy91cy1jZW50cmFsMS9vcGVyYXRpb25zL29wZXJhdGlvbi0xNzQyMTM4NDgyNzE1LTYzMDc3Mzk2OTY5ZWUtNDIyYzliMmItNGY5YTZjNGU {"name":"operations/cHJvamVjdHMvYmFvLWNhci1saWFvL2xvY2F0aW9ucy91cy1jZW50cmFsMS9vcGVyYXRpb25zL29wZXJhdGlvbi0xNzQyMTM4NDgyNzE1LTYzMDc3Mzk2OTY5ZWUtNDIyYzliMmItNGY5YTZjNGU","metadata":{"@type":"type.googleapis.com/google.cloud.functions.v1.OperationMetadataV1","target":"projects/bao-car-liao/locations/us-central1/functions/updateAuthUser","type":"CREATE_FUNCTION","request":{"@type":"type.googleapis.com/google.cloud.functions.v1.CloudFunction","name":"projects/bao-car-liao/locations/us-central1/functions/updateAuthUser","httpsTrigger":{"securityLevel":"SECURE_ALWAYS"},"entryPoint":"updateAuthUser","updateTime":"1970-01-01T00:00:00Z","labels":{"deployment-tool":"cli-firebase","deployment-callable":"true","firebase-functions-hash":"2c6d9be6857a6c81d469501787a97faa08583a66"},"sourceUploadUrl":"https://storage.googleapis.com/uploads-65469306917.us-central1.cloudfunctions.appspot.com/4358b198-0843-4ba9-a04c-60df05c2f222.zip?GoogleAccessId=service-584996100412@gcf-admin-robot.iam.gserviceaccount.com&Expires=1742140281&Signature=D0T8cYDAIOs2iK60VtNuKMH%2B3%2BWNAvXcf%2FgSiBW0NjPbh2oUHi%2FguRDyq4S4BL5%2BGPM3ZjnqbsJQ1%2F8YlANZwQKwoJwPghc8yQni00D5nwU1NfE03ktmIrEGnh3zyqMCKNxyn0JlWjC2Y%2B%2F5XzwJGVlEjH5iDMexzqRLIjTi2a9RgdgljgeeDFOKVqSDrqfFXt4znO11BBqc9BFH93EdfcpnMluEUbZdT24cbhlViA%2Ba%2BrJaQgnjfh5sWDu%2BZ0gIwxhISTqrKH7J5vPpBZvQD7ZR6L0nZeB5kHcl1tdwRhTH5iTN2tjDBCzFsBTjvjMsxbTd%2BoTCVDYQwCQSBpo8fg%3D%3D","environmentVariables":{"FIREBASE_CONFIG":"{\"projectId\":\"bao-car-liao\",\"storageBucket\":\"bao-car-liao.firebasestorage.app\"}","GCLOUD_PROJECT":"bao-car-liao","EVENTARC_CLOUD_EVENT_SOURCE":"projects/bao-car-liao/locations/us-central1/functions/updateAuthUser"},"runtime":"nodejs18","buildEnvironmentVariables":{"GOOGLE_NODE_RUN_SCRIPTS":""},"dockerRegistry":"ARTIFACT_REGISTRY"},"versionId":"1","updateTime":"2025-03-16T15:21:23.182495465Z","buildId":"75b933fe-6507-457d-ad70-fe6bbd5776de","buildName":"projects/584996100412/locations/us-central1/builds/75b933fe-6507-457d-ad70-fe6bbd5776de"}}
[debug] [2025-03-16T15:22:22.487Z] [create-default-us-central1-updateAuthUser] Retrying task index 0
[debug] [2025-03-16T15:22:22.488Z] Checked if tokens are valid: true, expires at: 1742141032070
[debug] [2025-03-16T15:22:22.489Z] Checked if tokens are valid: true, expires at: 1742141032070
[debug] [2025-03-16T15:22:22.489Z] >>> [apiv2][query] GET https://cloudfunctions.googleapis.com/v1/operations/cHJvamVjdHMvYmFvLWNhci1saWFvL2xvY2F0aW9ucy91cy1jZW50cmFsMS9vcGVyYXRpb25zL29wZXJhdGlvbi0xNzQyMTM4NDgyNzE1LTYzMDc3Mzk2OTY5ZWUtNDIyYzliMmItNGY5YTZjNGU [none]
[debug] [2025-03-16T15:22:22.831Z] <<< [apiv2][status] GET https://cloudfunctions.googleapis.com/v1/operations/cHJvamVjdHMvYmFvLWNhci1saWFvL2xvY2F0aW9ucy91cy1jZW50cmFsMS9vcGVyYXRpb25zL29wZXJhdGlvbi0xNzQyMTM4NDgyNzE1LTYzMDc3Mzk2OTY5ZWUtNDIyYzliMmItNGY5YTZjNGU 200
[debug] [2025-03-16T15:22:22.831Z] <<< [apiv2][body] GET https://cloudfunctions.googleapis.com/v1/operations/cHJvamVjdHMvYmFvLWNhci1saWFvL2xvY2F0aW9ucy91cy1jZW50cmFsMS9vcGVyYXRpb25zL29wZXJhdGlvbi0xNzQyMTM4NDgyNzE1LTYzMDc3Mzk2OTY5ZWUtNDIyYzliMmItNGY5YTZjNGU {"name":"operations/cHJvamVjdHMvYmFvLWNhci1saWFvL2xvY2F0aW9ucy91cy1jZW50cmFsMS9vcGVyYXRpb25zL29wZXJhdGlvbi0xNzQyMTM4NDgyNzE1LTYzMDc3Mzk2OTY5ZWUtNDIyYzliMmItNGY5YTZjNGU","metadata":{"@type":"type.googleapis.com/google.cloud.functions.v1.OperationMetadataV1","target":"projects/bao-car-liao/locations/us-central1/functions/updateAuthUser","type":"CREATE_FUNCTION","request":{"@type":"type.googleapis.com/google.cloud.functions.v1.CloudFunction","name":"projects/bao-car-liao/locations/us-central1/functions/updateAuthUser","httpsTrigger":{"securityLevel":"SECURE_ALWAYS"},"entryPoint":"updateAuthUser","updateTime":"1970-01-01T00:00:00Z","labels":{"deployment-tool":"cli-firebase","deployment-callable":"true","firebase-functions-hash":"2c6d9be6857a6c81d469501787a97faa08583a66"},"sourceUploadUrl":"https://storage.googleapis.com/uploads-65469306917.us-central1.cloudfunctions.appspot.com/4358b198-0843-4ba9-a04c-60df05c2f222.zip?GoogleAccessId=service-584996100412@gcf-admin-robot.iam.gserviceaccount.com&Expires=1742140281&Signature=D0T8cYDAIOs2iK60VtNuKMH%2B3%2BWNAvXcf%2FgSiBW0NjPbh2oUHi%2FguRDyq4S4BL5%2BGPM3ZjnqbsJQ1%2F8YlANZwQKwoJwPghc8yQni00D5nwU1NfE03ktmIrEGnh3zyqMCKNxyn0JlWjC2Y%2B%2F5XzwJGVlEjH5iDMexzqRLIjTi2a9RgdgljgeeDFOKVqSDrqfFXt4znO11BBqc9BFH93EdfcpnMluEUbZdT24cbhlViA%2Ba%2BrJaQgnjfh5sWDu%2BZ0gIwxhISTqrKH7J5vPpBZvQD7ZR6L0nZeB5kHcl1tdwRhTH5iTN2tjDBCzFsBTjvjMsxbTd%2BoTCVDYQwCQSBpo8fg%3D%3D","environmentVariables":{"FIREBASE_CONFIG":"{\"projectId\":\"bao-car-liao\",\"storageBucket\":\"bao-car-liao.firebasestorage.app\"}","GCLOUD_PROJECT":"bao-car-liao","EVENTARC_CLOUD_EVENT_SOURCE":"projects/bao-car-liao/locations/us-central1/functions/updateAuthUser"},"runtime":"nodejs18","buildEnvironmentVariables":{"GOOGLE_NODE_RUN_SCRIPTS":""},"dockerRegistry":"ARTIFACT_REGISTRY"},"versionId":"1","updateTime":"2025-03-16T15:21:23.182495465Z","buildId":"75b933fe-6507-457d-ad70-fe6bbd5776de","buildName":"projects/584996100412/locations/us-central1/builds/75b933fe-6507-457d-ad70-fe6bbd5776de"}}
[debug] [2025-03-16T15:22:32.834Z] [create-default-us-central1-updateAuthUser] Retrying task index 0
[debug] [2025-03-16T15:22:32.835Z] Checked if tokens are valid: true, expires at: 1742141032070
[debug] [2025-03-16T15:22:32.835Z] Checked if tokens are valid: true, expires at: 1742141032070
[debug] [2025-03-16T15:22:32.836Z] >>> [apiv2][query] GET https://cloudfunctions.googleapis.com/v1/operations/cHJvamVjdHMvYmFvLWNhci1saWFvL2xvY2F0aW9ucy91cy1jZW50cmFsMS9vcGVyYXRpb25zL29wZXJhdGlvbi0xNzQyMTM4NDgyNzE1LTYzMDc3Mzk2OTY5ZWUtNDIyYzliMmItNGY5YTZjNGU [none]
[debug] [2025-03-16T15:22:33.270Z] <<< [apiv2][status] GET https://cloudfunctions.googleapis.com/v1/operations/cHJvamVjdHMvYmFvLWNhci1saWFvL2xvY2F0aW9ucy91cy1jZW50cmFsMS9vcGVyYXRpb25zL29wZXJhdGlvbi0xNzQyMTM4NDgyNzE1LTYzMDc3Mzk2OTY5ZWUtNDIyYzliMmItNGY5YTZjNGU 200
[debug] [2025-03-16T15:22:33.270Z] <<< [apiv2][body] GET https://cloudfunctions.googleapis.com/v1/operations/cHJvamVjdHMvYmFvLWNhci1saWFvL2xvY2F0aW9ucy91cy1jZW50cmFsMS9vcGVyYXRpb25zL29wZXJhdGlvbi0xNzQyMTM4NDgyNzE1LTYzMDc3Mzk2OTY5ZWUtNDIyYzliMmItNGY5YTZjNGU {"name":"operations/cHJvamVjdHMvYmFvLWNhci1saWFvL2xvY2F0aW9ucy91cy1jZW50cmFsMS9vcGVyYXRpb25zL29wZXJhdGlvbi0xNzQyMTM4NDgyNzE1LTYzMDc3Mzk2OTY5ZWUtNDIyYzliMmItNGY5YTZjNGU","metadata":{"@type":"type.googleapis.com/google.cloud.functions.v1.OperationMetadataV1","target":"projects/bao-car-liao/locations/us-central1/functions/updateAuthUser","type":"CREATE_FUNCTION","request":{"@type":"type.googleapis.com/google.cloud.functions.v1.CloudFunction","name":"projects/bao-car-liao/locations/us-central1/functions/updateAuthUser","httpsTrigger":{"securityLevel":"SECURE_ALWAYS"},"entryPoint":"updateAuthUser","updateTime":"1970-01-01T00:00:00Z","labels":{"deployment-tool":"cli-firebase","deployment-callable":"true","firebase-functions-hash":"2c6d9be6857a6c81d469501787a97faa08583a66"},"sourceUploadUrl":"https://storage.googleapis.com/uploads-65469306917.us-central1.cloudfunctions.appspot.com/4358b198-0843-4ba9-a04c-60df05c2f222.zip?GoogleAccessId=service-584996100412@gcf-admin-robot.iam.gserviceaccount.com&Expires=1742140281&Signature=D0T8cYDAIOs2iK60VtNuKMH%2B3%2BWNAvXcf%2FgSiBW0NjPbh2oUHi%2FguRDyq4S4BL5%2BGPM3ZjnqbsJQ1%2F8YlANZwQKwoJwPghc8yQni00D5nwU1NfE03ktmIrEGnh3zyqMCKNxyn0JlWjC2Y%2B%2F5XzwJGVlEjH5iDMexzqRLIjTi2a9RgdgljgeeDFOKVqSDrqfFXt4znO11BBqc9BFH93EdfcpnMluEUbZdT24cbhlViA%2Ba%2BrJaQgnjfh5sWDu%2BZ0gIwxhISTqrKH7J5vPpBZvQD7ZR6L0nZeB5kHcl1tdwRhTH5iTN2tjDBCzFsBTjvjMsxbTd%2BoTCVDYQwCQSBpo8fg%3D%3D","environmentVariables":{"FIREBASE_CONFIG":"{\"projectId\":\"bao-car-liao\",\"storageBucket\":\"bao-car-liao.firebasestorage.app\"}","GCLOUD_PROJECT":"bao-car-liao","EVENTARC_CLOUD_EVENT_SOURCE":"projects/bao-car-liao/locations/us-central1/functions/updateAuthUser"},"runtime":"nodejs18","buildEnvironmentVariables":{"GOOGLE_NODE_RUN_SCRIPTS":""},"dockerRegistry":"ARTIFACT_REGISTRY"},"versionId":"1","updateTime":"2025-03-16T15:21:23.182495465Z","buildId":"75b933fe-6507-457d-ad70-fe6bbd5776de","buildName":"projects/584996100412/locations/us-central1/builds/75b933fe-6507-457d-ad70-fe6bbd5776de"}}
[debug] [2025-03-16T15:22:43.273Z] [create-default-us-central1-updateAuthUser] Retrying task index 0
[debug] [2025-03-16T15:22:43.274Z] Checked if tokens are valid: true, expires at: 1742141032070
[debug] [2025-03-16T15:22:43.275Z] Checked if tokens are valid: true, expires at: 1742141032070
[debug] [2025-03-16T15:22:43.275Z] >>> [apiv2][query] GET https://cloudfunctions.googleapis.com/v1/operations/cHJvamVjdHMvYmFvLWNhci1saWFvL2xvY2F0aW9ucy91cy1jZW50cmFsMS9vcGVyYXRpb25zL29wZXJhdGlvbi0xNzQyMTM4NDgyNzE1LTYzMDc3Mzk2OTY5ZWUtNDIyYzliMmItNGY5YTZjNGU [none]
[debug] [2025-03-16T15:22:43.718Z] <<< [apiv2][status] GET https://cloudfunctions.googleapis.com/v1/operations/cHJvamVjdHMvYmFvLWNhci1saWFvL2xvY2F0aW9ucy91cy1jZW50cmFsMS9vcGVyYXRpb25zL29wZXJhdGlvbi0xNzQyMTM4NDgyNzE1LTYzMDc3Mzk2OTY5ZWUtNDIyYzliMmItNGY5YTZjNGU 200
[debug] [2025-03-16T15:22:43.718Z] <<< [apiv2][body] GET https://cloudfunctions.googleapis.com/v1/operations/cHJvamVjdHMvYmFvLWNhci1saWFvL2xvY2F0aW9ucy91cy1jZW50cmFsMS9vcGVyYXRpb25zL29wZXJhdGlvbi0xNzQyMTM4NDgyNzE1LTYzMDc3Mzk2OTY5ZWUtNDIyYzliMmItNGY5YTZjNGU {"name":"operations/cHJvamVjdHMvYmFvLWNhci1saWFvL2xvY2F0aW9ucy91cy1jZW50cmFsMS9vcGVyYXRpb25zL29wZXJhdGlvbi0xNzQyMTM4NDgyNzE1LTYzMDc3Mzk2OTY5ZWUtNDIyYzliMmItNGY5YTZjNGU","metadata":{"@type":"type.googleapis.com/google.cloud.functions.v1.OperationMetadataV1","target":"projects/bao-car-liao/locations/us-central1/functions/updateAuthUser","type":"CREATE_FUNCTION","request":{"@type":"type.googleapis.com/google.cloud.functions.v1.CloudFunction","name":"projects/bao-car-liao/locations/us-central1/functions/updateAuthUser","httpsTrigger":{"securityLevel":"SECURE_ALWAYS"},"entryPoint":"updateAuthUser","updateTime":"1970-01-01T00:00:00Z","labels":{"deployment-tool":"cli-firebase","deployment-callable":"true","firebase-functions-hash":"2c6d9be6857a6c81d469501787a97faa08583a66"},"sourceUploadUrl":"https://storage.googleapis.com/uploads-65469306917.us-central1.cloudfunctions.appspot.com/4358b198-0843-4ba9-a04c-60df05c2f222.zip?GoogleAccessId=service-584996100412@gcf-admin-robot.iam.gserviceaccount.com&Expires=1742140281&Signature=D0T8cYDAIOs2iK60VtNuKMH%2B3%2BWNAvXcf%2FgSiBW0NjPbh2oUHi%2FguRDyq4S4BL5%2BGPM3ZjnqbsJQ1%2F8YlANZwQKwoJwPghc8yQni00D5nwU1NfE03ktmIrEGnh3zyqMCKNxyn0JlWjC2Y%2B%2F5XzwJGVlEjH5iDMexzqRLIjTi2a9RgdgljgeeDFOKVqSDrqfFXt4znO11BBqc9BFH93EdfcpnMluEUbZdT24cbhlViA%2Ba%2BrJaQgnjfh5sWDu%2BZ0gIwxhISTqrKH7J5vPpBZvQD7ZR6L0nZeB5kHcl1tdwRhTH5iTN2tjDBCzFsBTjvjMsxbTd%2BoTCVDYQwCQSBpo8fg%3D%3D","environmentVariables":{"FIREBASE_CONFIG":"{\"projectId\":\"bao-car-liao\",\"storageBucket\":\"bao-car-liao.firebasestorage.app\"}","GCLOUD_PROJECT":"bao-car-liao","EVENTARC_CLOUD_EVENT_SOURCE":"projects/bao-car-liao/locations/us-central1/functions/updateAuthUser"},"runtime":"nodejs18","buildEnvironmentVariables":{"GOOGLE_NODE_RUN_SCRIPTS":""},"dockerRegistry":"ARTIFACT_REGISTRY"},"versionId":"1","updateTime":"2025-03-16T15:21:23.182495465Z","buildId":"75b933fe-6507-457d-ad70-fe6bbd5776de","sourceToken":"e01c9328-e32a-44ba-a169-1979145f6795","buildName":"projects/584996100412/locations/us-central1/builds/75b933fe-6507-457d-ad70-fe6bbd5776de"}}
[debug] [2025-03-16T15:22:43.719Z] Got source token e01c9328-e32a-44ba-a169-1979145f6795 for region us-central1
[debug] [2025-03-16T15:22:43.720Z] Checked if tokens are valid: true, expires at: 1742141032070
[debug] [2025-03-16T15:22:43.720Z] Checked if tokens are valid: true, expires at: 1742141032070
[debug] [2025-03-16T15:22:43.720Z] >>> [apiv2][query] POST https://cloudfunctions.googleapis.com/v1/projects/bao-car-liao/locations/us-central1/functions [none]
[debug] [2025-03-16T15:22:43.720Z] >>> [apiv2][body] POST https://cloudfunctions.googleapis.com/v1/projects/bao-car-liao/locations/us-central1/functions {"name":"projects/bao-car-liao/locations/us-central1/functions/deleteUser","sourceUploadUrl":"https://storage.googleapis.com/uploads-65469306917.us-central1.cloudfunctions.appspot.com/4358b198-0843-4ba9-a04c-60df05c2f222.zip?GoogleAccessId=service-584996100412@gcf-admin-robot.iam.gserviceaccount.com&Expires=1742140281&Signature=D0T8cYDAIOs2iK60VtNuKMH%2B3%2BWNAvXcf%2FgSiBW0NjPbh2oUHi%2FguRDyq4S4BL5%2BGPM3ZjnqbsJQ1%2F8YlANZwQKwoJwPghc8yQni00D5nwU1NfE03ktmIrEGnh3zyqMCKNxyn0JlWjC2Y%2B%2F5XzwJGVlEjH5iDMexzqRLIjTi2a9RgdgljgeeDFOKVqSDrqfFXt4znO11BBqc9BFH93EdfcpnMluEUbZdT24cbhlViA%2Ba%2BrJaQgnjfh5sWDu%2BZ0gIwxhISTqrKH7J5vPpBZvQD7ZR6L0nZeB5kHcl1tdwRhTH5iTN2tjDBCzFsBTjvjMsxbTd%2BoTCVDYQwCQSBpo8fg%3D%3D","entryPoint":"deleteUser","runtime":"nodejs18","dockerRegistry":"ARTIFACT_REGISTRY","labels":{"deployment-tool":"cli-firebase","deployment-callable":"true","firebase-functions-hash":"2c6d9be6857a6c81d469501787a97faa08583a66"},"httpsTrigger":{"securityLevel":"SECURE_ALWAYS"},"minInstances":null,"maxInstances":null,"ingressSettings":null,"environmentVariables":{"FIREBASE_CONFIG":"{\"projectId\":\"bao-car-liao\",\"storageBucket\":\"bao-car-liao.firebasestorage.app\"}","GCLOUD_PROJECT":"bao-car-liao","EVENTARC_CLOUD_EVENT_SOURCE":"projects/bao-car-liao/locations/us-central1/functions/deleteUser"},"serviceAccountEmail":null,"availableMemoryMb":null,"timeout":null,"vpcConnector":null,"vpcConnectorEgressSettings":null,"sourceToken":"e01c9328-e32a-44ba-a169-1979145f6795","buildEnvironmentVariables":{"GOOGLE_NODE_RUN_SCRIPTS":""}}
[debug] [2025-03-16T15:22:44.537Z] <<< [apiv2][status] POST https://cloudfunctions.googleapis.com/v1/projects/bao-car-liao/locations/us-central1/functions 200
[debug] [2025-03-16T15:22:44.538Z] <<< [apiv2][body] POST https://cloudfunctions.googleapis.com/v1/projects/bao-car-liao/locations/us-central1/functions {"name":"operations/cHJvamVjdHMvYmFvLWNhci1saWFvL2xvY2F0aW9ucy91cy1jZW50cmFsMS9vcGVyYXRpb25zL29wZXJhdGlvbi0xNzQyMTM4NTYzOTgyLTYzMDc3M2U0MTczNGUtY2VkMjM5YmYtMTE5YTdmYTQ","metadata":{"@type":"type.googleapis.com/google.cloud.functions.v1.OperationMetadataV1","target":"projects/bao-car-liao/locations/us-central1/functions/deleteUser","updateTime":"2025-03-16T15:22:44.415570528Z"}}
[debug] [2025-03-16T15:22:44.538Z] Checked if tokens are valid: true, expires at: 1742141032070
[debug] [2025-03-16T15:22:44.538Z] Checked if tokens are valid: true, expires at: 1742141032070
[debug] [2025-03-16T15:22:44.539Z] >>> [apiv2][query] GET https://cloudfunctions.googleapis.com/v1/operations/cHJvamVjdHMvYmFvLWNhci1saWFvL2xvY2F0aW9ucy91cy1jZW50cmFsMS9vcGVyYXRpb25zL29wZXJhdGlvbi0xNzQyMTM4NTYzOTgyLTYzMDc3M2U0MTczNGUtY2VkMjM5YmYtMTE5YTdmYTQ [none]
[debug] [2025-03-16T15:22:44.946Z] <<< [apiv2][status] GET https://cloudfunctions.googleapis.com/v1/operations/cHJvamVjdHMvYmFvLWNhci1saWFvL2xvY2F0aW9ucy91cy1jZW50cmFsMS9vcGVyYXRpb25zL29wZXJhdGlvbi0xNzQyMTM4NTYzOTgyLTYzMDc3M2U0MTczNGUtY2VkMjM5YmYtMTE5YTdmYTQ 200
[debug] [2025-03-16T15:22:44.947Z] <<< [apiv2][body] GET https://cloudfunctions.googleapis.com/v1/operations/cHJvamVjdHMvYmFvLWNhci1saWFvL2xvY2F0aW9ucy91cy1jZW50cmFsMS9vcGVyYXRpb25zL29wZXJhdGlvbi0xNzQyMTM4NTYzOTgyLTYzMDc3M2U0MTczNGUtY2VkMjM5YmYtMTE5YTdmYTQ {"name":"operations/cHJvamVjdHMvYmFvLWNhci1saWFvL2xvY2F0aW9ucy91cy1jZW50cmFsMS9vcGVyYXRpb25zL29wZXJhdGlvbi0xNzQyMTM4NTYzOTgyLTYzMDc3M2U0MTczNGUtY2VkMjM5YmYtMTE5YTdmYTQ","metadata":{"@type":"type.googleapis.com/google.cloud.functions.v1.OperationMetadataV1","target":"projects/bao-car-liao/locations/us-central1/functions/deleteUser","updateTime":"2025-03-16T15:22:44.415570528Z"}}
[debug] [2025-03-16T15:22:45.449Z] [create-default-us-central1-deleteUser] Retrying task index 0
[debug] [2025-03-16T15:22:45.450Z] Checked if tokens are valid: true, expires at: 1742141032070
[debug] [2025-03-16T15:22:45.450Z] Checked if tokens are valid: true, expires at: 1742141032070
[debug] [2025-03-16T15:22:45.451Z] >>> [apiv2][query] GET https://cloudfunctions.googleapis.com/v1/operations/cHJvamVjdHMvYmFvLWNhci1saWFvL2xvY2F0aW9ucy91cy1jZW50cmFsMS9vcGVyYXRpb25zL29wZXJhdGlvbi0xNzQyMTM4NTYzOTgyLTYzMDc3M2U0MTczNGUtY2VkMjM5YmYtMTE5YTdmYTQ [none]
[debug] [2025-03-16T15:22:45.864Z] <<< [apiv2][status] GET https://cloudfunctions.googleapis.com/v1/operations/cHJvamVjdHMvYmFvLWNhci1saWFvL2xvY2F0aW9ucy91cy1jZW50cmFsMS9vcGVyYXRpb25zL29wZXJhdGlvbi0xNzQyMTM4NTYzOTgyLTYzMDc3M2U0MTczNGUtY2VkMjM5YmYtMTE5YTdmYTQ 200
[debug] [2025-03-16T15:22:45.864Z] <<< [apiv2][body] GET https://cloudfunctions.googleapis.com/v1/operations/cHJvamVjdHMvYmFvLWNhci1saWFvL2xvY2F0aW9ucy91cy1jZW50cmFsMS9vcGVyYXRpb25zL29wZXJhdGlvbi0xNzQyMTM4NTYzOTgyLTYzMDc3M2U0MTczNGUtY2VkMjM5YmYtMTE5YTdmYTQ {"name":"operations/cHJvamVjdHMvYmFvLWNhci1saWFvL2xvY2F0aW9ucy91cy1jZW50cmFsMS9vcGVyYXRpb25zL29wZXJhdGlvbi0xNzQyMTM4NTYzOTgyLTYzMDc3M2U0MTczNGUtY2VkMjM5YmYtMTE5YTdmYTQ","metadata":{"@type":"type.googleapis.com/google.cloud.functions.v1.OperationMetadataV1","target":"projects/bao-car-liao/locations/us-central1/functions/deleteUser","type":"CREATE_FUNCTION","request":{"@type":"type.googleapis.com/google.cloud.functions.v1.CloudFunction","name":"projects/bao-car-liao/locations/us-central1/functions/deleteUser","httpsTrigger":{"securityLevel":"SECURE_ALWAYS"},"entryPoint":"deleteUser","updateTime":"1970-01-01T00:00:00Z","labels":{"deployment-tool":"cli-firebase","deployment-callable":"true","firebase-functions-hash":"2c6d9be6857a6c81d469501787a97faa08583a66"},"sourceUploadUrl":"https://storage.googleapis.com/uploads-65469306917.us-central1.cloudfunctions.appspot.com/4358b198-0843-4ba9-a04c-60df05c2f222.zip?GoogleAccessId=service-584996100412@gcf-admin-robot.iam.gserviceaccount.com&Expires=1742140281&Signature=D0T8cYDAIOs2iK60VtNuKMH%2B3%2BWNAvXcf%2FgSiBW0NjPbh2oUHi%2FguRDyq4S4BL5%2BGPM3ZjnqbsJQ1%2F8YlANZwQKwoJwPghc8yQni00D5nwU1NfE03ktmIrEGnh3zyqMCKNxyn0JlWjC2Y%2B%2F5XzwJGVlEjH5iDMexzqRLIjTi2a9RgdgljgeeDFOKVqSDrqfFXt4znO11BBqc9BFH93EdfcpnMluEUbZdT24cbhlViA%2Ba%2BrJaQgnjfh5sWDu%2BZ0gIwxhISTqrKH7J5vPpBZvQD7ZR6L0nZeB5kHcl1tdwRhTH5iTN2tjDBCzFsBTjvjMsxbTd%2BoTCVDYQwCQSBpo8fg%3D%3D","environmentVariables":{"FIREBASE_CONFIG":"{\"projectId\":\"bao-car-liao\",\"storageBucket\":\"bao-car-liao.firebasestorage.app\"}","GCLOUD_PROJECT":"bao-car-liao","EVENTARC_CLOUD_EVENT_SOURCE":"projects/bao-car-liao/locations/us-central1/functions/deleteUser"},"runtime":"nodejs18","buildEnvironmentVariables":{"GOOGLE_NODE_RUN_SCRIPTS":""},"sourceToken":"e01c9328-e32a-44ba-a169-1979145f6795","dockerRegistry":"ARTIFACT_REGISTRY"},"versionId":"1","updateTime":"2025-03-16T15:22:44.415570528Z","sourceToken":"e01c9328-e32a-44ba-a169-1979145f6795"}}
[debug] [2025-03-16T15:22:45.865Z] Got source token e01c9328-e32a-44ba-a169-1979145f6795 for region us-central1
[debug] [2025-03-16T15:22:46.867Z] [create-default-us-central1-deleteUser] Retrying task index 0
[debug] [2025-03-16T15:22:46.868Z] Checked if tokens are valid: true, expires at: 1742141032070
[debug] [2025-03-16T15:22:46.868Z] Checked if tokens are valid: true, expires at: 1742141032070
[debug] [2025-03-16T15:22:46.869Z] >>> [apiv2][query] GET https://cloudfunctions.googleapis.com/v1/operations/cHJvamVjdHMvYmFvLWNhci1saWFvL2xvY2F0aW9ucy91cy1jZW50cmFsMS9vcGVyYXRpb25zL29wZXJhdGlvbi0xNzQyMTM4NTYzOTgyLTYzMDc3M2U0MTczNGUtY2VkMjM5YmYtMTE5YTdmYTQ [none]
[debug] [2025-03-16T15:22:47.304Z] <<< [apiv2][status] GET https://cloudfunctions.googleapis.com/v1/operations/cHJvamVjdHMvYmFvLWNhci1saWFvL2xvY2F0aW9ucy91cy1jZW50cmFsMS9vcGVyYXRpb25zL29wZXJhdGlvbi0xNzQyMTM4NTYzOTgyLTYzMDc3M2U0MTczNGUtY2VkMjM5YmYtMTE5YTdmYTQ 200
[debug] [2025-03-16T15:22:47.304Z] <<< [apiv2][body] GET https://cloudfunctions.googleapis.com/v1/operations/cHJvamVjdHMvYmFvLWNhci1saWFvL2xvY2F0aW9ucy91cy1jZW50cmFsMS9vcGVyYXRpb25zL29wZXJhdGlvbi0xNzQyMTM4NTYzOTgyLTYzMDc3M2U0MTczNGUtY2VkMjM5YmYtMTE5YTdmYTQ {"name":"operations/cHJvamVjdHMvYmFvLWNhci1saWFvL2xvY2F0aW9ucy91cy1jZW50cmFsMS9vcGVyYXRpb25zL29wZXJhdGlvbi0xNzQyMTM4NTYzOTgyLTYzMDc3M2U0MTczNGUtY2VkMjM5YmYtMTE5YTdmYTQ","metadata":{"@type":"type.googleapis.com/google.cloud.functions.v1.OperationMetadataV1","target":"projects/bao-car-liao/locations/us-central1/functions/deleteUser","type":"CREATE_FUNCTION","request":{"@type":"type.googleapis.com/google.cloud.functions.v1.CloudFunction","name":"projects/bao-car-liao/locations/us-central1/functions/deleteUser","httpsTrigger":{"securityLevel":"SECURE_ALWAYS"},"entryPoint":"deleteUser","updateTime":"1970-01-01T00:00:00Z","labels":{"deployment-tool":"cli-firebase","deployment-callable":"true","firebase-functions-hash":"2c6d9be6857a6c81d469501787a97faa08583a66"},"sourceUploadUrl":"https://storage.googleapis.com/uploads-65469306917.us-central1.cloudfunctions.appspot.com/4358b198-0843-4ba9-a04c-60df05c2f222.zip?GoogleAccessId=service-584996100412@gcf-admin-robot.iam.gserviceaccount.com&Expires=1742140281&Signature=D0T8cYDAIOs2iK60VtNuKMH%2B3%2BWNAvXcf%2FgSiBW0NjPbh2oUHi%2FguRDyq4S4BL5%2BGPM3ZjnqbsJQ1%2F8YlANZwQKwoJwPghc8yQni00D5nwU1NfE03ktmIrEGnh3zyqMCKNxyn0JlWjC2Y%2B%2F5XzwJGVlEjH5iDMexzqRLIjTi2a9RgdgljgeeDFOKVqSDrqfFXt4znO11BBqc9BFH93EdfcpnMluEUbZdT24cbhlViA%2Ba%2BrJaQgnjfh5sWDu%2BZ0gIwxhISTqrKH7J5vPpBZvQD7ZR6L0nZeB5kHcl1tdwRhTH5iTN2tjDBCzFsBTjvjMsxbTd%2BoTCVDYQwCQSBpo8fg%3D%3D","environmentVariables":{"FIREBASE_CONFIG":"{\"projectId\":\"bao-car-liao\",\"storageBucket\":\"bao-car-liao.firebasestorage.app\"}","GCLOUD_PROJECT":"bao-car-liao","EVENTARC_CLOUD_EVENT_SOURCE":"projects/bao-car-liao/locations/us-central1/functions/deleteUser"},"runtime":"nodejs18","buildEnvironmentVariables":{"GOOGLE_NODE_RUN_SCRIPTS":""},"sourceToken":"e01c9328-e32a-44ba-a169-1979145f6795","dockerRegistry":"ARTIFACT_REGISTRY"},"versionId":"1","updateTime":"2025-03-16T15:22:44.415570528Z","sourceToken":"e01c9328-e32a-44ba-a169-1979145f6795"}}
[debug] [2025-03-16T15:22:47.305Z] Got source token e01c9328-e32a-44ba-a169-1979145f6795 for region us-central1
[debug] [2025-03-16T15:22:49.306Z] [create-default-us-central1-deleteUser] Retrying task index 0
[debug] [2025-03-16T15:22:49.307Z] Checked if tokens are valid: true, expires at: 1742141032070
[debug] [2025-03-16T15:22:49.307Z] Checked if tokens are valid: true, expires at: 1742141032070
[debug] [2025-03-16T15:22:49.307Z] >>> [apiv2][query] GET https://cloudfunctions.googleapis.com/v1/operations/cHJvamVjdHMvYmFvLWNhci1saWFvL2xvY2F0aW9ucy91cy1jZW50cmFsMS9vcGVyYXRpb25zL29wZXJhdGlvbi0xNzQyMTM4NTYzOTgyLTYzMDc3M2U0MTczNGUtY2VkMjM5YmYtMTE5YTdmYTQ [none]
[debug] [2025-03-16T15:22:49.681Z] <<< [apiv2][status] GET https://cloudfunctions.googleapis.com/v1/operations/cHJvamVjdHMvYmFvLWNhci1saWFvL2xvY2F0aW9ucy91cy1jZW50cmFsMS9vcGVyYXRpb25zL29wZXJhdGlvbi0xNzQyMTM4NTYzOTgyLTYzMDc3M2U0MTczNGUtY2VkMjM5YmYtMTE5YTdmYTQ 200
[debug] [2025-03-16T15:22:49.681Z] <<< [apiv2][body] GET https://cloudfunctions.googleapis.com/v1/operations/cHJvamVjdHMvYmFvLWNhci1saWFvL2xvY2F0aW9ucy91cy1jZW50cmFsMS9vcGVyYXRpb25zL29wZXJhdGlvbi0xNzQyMTM4NTYzOTgyLTYzMDc3M2U0MTczNGUtY2VkMjM5YmYtMTE5YTdmYTQ {"name":"operations/cHJvamVjdHMvYmFvLWNhci1saWFvL2xvY2F0aW9ucy91cy1jZW50cmFsMS9vcGVyYXRpb25zL29wZXJhdGlvbi0xNzQyMTM4NTYzOTgyLTYzMDc3M2U0MTczNGUtY2VkMjM5YmYtMTE5YTdmYTQ","metadata":{"@type":"type.googleapis.com/google.cloud.functions.v1.OperationMetadataV1","target":"projects/bao-car-liao/locations/us-central1/functions/deleteUser","type":"CREATE_FUNCTION","request":{"@type":"type.googleapis.com/google.cloud.functions.v1.CloudFunction","name":"projects/bao-car-liao/locations/us-central1/functions/deleteUser","httpsTrigger":{"securityLevel":"SECURE_ALWAYS"},"entryPoint":"deleteUser","updateTime":"1970-01-01T00:00:00Z","labels":{"deployment-tool":"cli-firebase","deployment-callable":"true","firebase-functions-hash":"2c6d9be6857a6c81d469501787a97faa08583a66"},"sourceUploadUrl":"https://storage.googleapis.com/uploads-65469306917.us-central1.cloudfunctions.appspot.com/4358b198-0843-4ba9-a04c-60df05c2f222.zip?GoogleAccessId=service-584996100412@gcf-admin-robot.iam.gserviceaccount.com&Expires=1742140281&Signature=D0T8cYDAIOs2iK60VtNuKMH%2B3%2BWNAvXcf%2FgSiBW0NjPbh2oUHi%2FguRDyq4S4BL5%2BGPM3ZjnqbsJQ1%2F8YlANZwQKwoJwPghc8yQni00D5nwU1NfE03ktmIrEGnh3zyqMCKNxyn0JlWjC2Y%2B%2F5XzwJGVlEjH5iDMexzqRLIjTi2a9RgdgljgeeDFOKVqSDrqfFXt4znO11BBqc9BFH93EdfcpnMluEUbZdT24cbhlViA%2Ba%2BrJaQgnjfh5sWDu%2BZ0gIwxhISTqrKH7J5vPpBZvQD7ZR6L0nZeB5kHcl1tdwRhTH5iTN2tjDBCzFsBTjvjMsxbTd%2BoTCVDYQwCQSBpo8fg%3D%3D","environmentVariables":{"FIREBASE_CONFIG":"{\"projectId\":\"bao-car-liao\",\"storageBucket\":\"bao-car-liao.firebasestorage.app\"}","GCLOUD_PROJECT":"bao-car-liao","EVENTARC_CLOUD_EVENT_SOURCE":"projects/bao-car-liao/locations/us-central1/functions/deleteUser"},"runtime":"nodejs18","buildEnvironmentVariables":{"GOOGLE_NODE_RUN_SCRIPTS":""},"sourceToken":"e01c9328-e32a-44ba-a169-1979145f6795","dockerRegistry":"ARTIFACT_REGISTRY"},"versionId":"1","updateTime":"2025-03-16T15:22:44.415570528Z","buildId":"75b933fe-6507-457d-ad70-fe6bbd5776de","sourceToken":"e01c9328-e32a-44ba-a169-1979145f6795","buildName":"projects/584996100412/locations/us-central1/builds/75b933fe-6507-457d-ad70-fe6bbd5776de"}}
[debug] [2025-03-16T15:22:49.682Z] Got source token e01c9328-e32a-44ba-a169-1979145f6795 for region us-central1
[debug] [2025-03-16T15:22:53.684Z] [create-default-us-central1-deleteUser] Retrying task index 0
[debug] [2025-03-16T15:22:53.685Z] Checked if tokens are valid: true, expires at: 1742141032070
[debug] [2025-03-16T15:22:53.685Z] Checked if tokens are valid: true, expires at: 1742141032070
[debug] [2025-03-16T15:22:53.686Z] >>> [apiv2][query] GET https://cloudfunctions.googleapis.com/v1/operations/cHJvamVjdHMvYmFvLWNhci1saWFvL2xvY2F0aW9ucy91cy1jZW50cmFsMS9vcGVyYXRpb25zL29wZXJhdGlvbi0xNzQyMTM4NTYzOTgyLTYzMDc3M2U0MTczNGUtY2VkMjM5YmYtMTE5YTdmYTQ [none]
[debug] [2025-03-16T15:22:53.721Z] [create-default-us-central1-updateAuthUser] Retrying task index 0
[debug] [2025-03-16T15:22:53.721Z] Checked if tokens are valid: true, expires at: 1742141032070
[debug] [2025-03-16T15:22:53.722Z] Checked if tokens are valid: true, expires at: 1742141032070
[debug] [2025-03-16T15:22:53.722Z] >>> [apiv2][query] GET https://cloudfunctions.googleapis.com/v1/operations/cHJvamVjdHMvYmFvLWNhci1saWFvL2xvY2F0aW9ucy91cy1jZW50cmFsMS9vcGVyYXRpb25zL29wZXJhdGlvbi0xNzQyMTM4NDgyNzE1LTYzMDc3Mzk2OTY5ZWUtNDIyYzliMmItNGY5YTZjNGU [none]
[debug] [2025-03-16T15:22:54.065Z] <<< [apiv2][status] GET https://cloudfunctions.googleapis.com/v1/operations/cHJvamVjdHMvYmFvLWNhci1saWFvL2xvY2F0aW9ucy91cy1jZW50cmFsMS9vcGVyYXRpb25zL29wZXJhdGlvbi0xNzQyMTM4NDgyNzE1LTYzMDc3Mzk2OTY5ZWUtNDIyYzliMmItNGY5YTZjNGU 200
[debug] [2025-03-16T15:22:54.065Z] <<< [apiv2][body] GET https://cloudfunctions.googleapis.com/v1/operations/cHJvamVjdHMvYmFvLWNhci1saWFvL2xvY2F0aW9ucy91cy1jZW50cmFsMS9vcGVyYXRpb25zL29wZXJhdGlvbi0xNzQyMTM4NDgyNzE1LTYzMDc3Mzk2OTY5ZWUtNDIyYzliMmItNGY5YTZjNGU {"name":"operations/cHJvamVjdHMvYmFvLWNhci1saWFvL2xvY2F0aW9ucy91cy1jZW50cmFsMS9vcGVyYXRpb25zL29wZXJhdGlvbi0xNzQyMTM4NDgyNzE1LTYzMDc3Mzk2OTY5ZWUtNDIyYzliMmItNGY5YTZjNGU","metadata":{"@type":"type.googleapis.com/google.cloud.functions.v1.OperationMetadataV1","target":"projects/bao-car-liao/locations/us-central1/functions/updateAuthUser","type":"CREATE_FUNCTION","request":{"@type":"type.googleapis.com/google.cloud.functions.v1.CloudFunction","name":"projects/bao-car-liao/locations/us-central1/functions/updateAuthUser","httpsTrigger":{"securityLevel":"SECURE_ALWAYS"},"entryPoint":"updateAuthUser","updateTime":"1970-01-01T00:00:00Z","labels":{"deployment-tool":"cli-firebase","deployment-callable":"true","firebase-functions-hash":"2c6d9be6857a6c81d469501787a97faa08583a66"},"sourceUploadUrl":"https://storage.googleapis.com/uploads-65469306917.us-central1.cloudfunctions.appspot.com/4358b198-0843-4ba9-a04c-60df05c2f222.zip?GoogleAccessId=service-584996100412@gcf-admin-robot.iam.gserviceaccount.com&Expires=1742140281&Signature=D0T8cYDAIOs2iK60VtNuKMH%2B3%2BWNAvXcf%2FgSiBW0NjPbh2oUHi%2FguRDyq4S4BL5%2BGPM3ZjnqbsJQ1%2F8YlANZwQKwoJwPghc8yQni00D5nwU1NfE03ktmIrEGnh3zyqMCKNxyn0JlWjC2Y%2B%2F5XzwJGVlEjH5iDMexzqRLIjTi2a9RgdgljgeeDFOKVqSDrqfFXt4znO11BBqc9BFH93EdfcpnMluEUbZdT24cbhlViA%2Ba%2BrJaQgnjfh5sWDu%2BZ0gIwxhISTqrKH7J5vPpBZvQD7ZR6L0nZeB5kHcl1tdwRhTH5iTN2tjDBCzFsBTjvjMsxbTd%2BoTCVDYQwCQSBpo8fg%3D%3D","environmentVariables":{"FIREBASE_CONFIG":"{\"projectId\":\"bao-car-liao\",\"storageBucket\":\"bao-car-liao.firebasestorage.app\"}","GCLOUD_PROJECT":"bao-car-liao","EVENTARC_CLOUD_EVENT_SOURCE":"projects/bao-car-liao/locations/us-central1/functions/updateAuthUser"},"runtime":"nodejs18","buildEnvironmentVariables":{"GOOGLE_NODE_RUN_SCRIPTS":""},"dockerRegistry":"ARTIFACT_REGISTRY"},"versionId":"1","updateTime":"2025-03-16T15:21:23.182495465Z","buildId":"75b933fe-6507-457d-ad70-fe6bbd5776de","sourceToken":"e01c9328-e32a-44ba-a169-1979145f6795","buildName":"projects/584996100412/locations/us-central1/builds/75b933fe-6507-457d-ad70-fe6bbd5776de"}}
[debug] [2025-03-16T15:22:54.066Z] Got source token e01c9328-e32a-44ba-a169-1979145f6795 for region us-central1
[debug] [2025-03-16T15:22:54.066Z] <<< [apiv2][status] GET https://cloudfunctions.googleapis.com/v1/operations/cHJvamVjdHMvYmFvLWNhci1saWFvL2xvY2F0aW9ucy91cy1jZW50cmFsMS9vcGVyYXRpb25zL29wZXJhdGlvbi0xNzQyMTM4NTYzOTgyLTYzMDc3M2U0MTczNGUtY2VkMjM5YmYtMTE5YTdmYTQ 200
[debug] [2025-03-16T15:22:54.067Z] <<< [apiv2][body] GET https://cloudfunctions.googleapis.com/v1/operations/cHJvamVjdHMvYmFvLWNhci1saWFvL2xvY2F0aW9ucy91cy1jZW50cmFsMS9vcGVyYXRpb25zL29wZXJhdGlvbi0xNzQyMTM4NTYzOTgyLTYzMDc3M2U0MTczNGUtY2VkMjM5YmYtMTE5YTdmYTQ {"name":"operations/cHJvamVjdHMvYmFvLWNhci1saWFvL2xvY2F0aW9ucy91cy1jZW50cmFsMS9vcGVyYXRpb25zL29wZXJhdGlvbi0xNzQyMTM4NTYzOTgyLTYzMDc3M2U0MTczNGUtY2VkMjM5YmYtMTE5YTdmYTQ","metadata":{"@type":"type.googleapis.com/google.cloud.functions.v1.OperationMetadataV1","target":"projects/bao-car-liao/locations/us-central1/functions/deleteUser","type":"CREATE_FUNCTION","request":{"@type":"type.googleapis.com/google.cloud.functions.v1.CloudFunction","name":"projects/bao-car-liao/locations/us-central1/functions/deleteUser","httpsTrigger":{"securityLevel":"SECURE_ALWAYS"},"entryPoint":"deleteUser","updateTime":"1970-01-01T00:00:00Z","labels":{"deployment-tool":"cli-firebase","deployment-callable":"true","firebase-functions-hash":"2c6d9be6857a6c81d469501787a97faa08583a66"},"sourceUploadUrl":"https://storage.googleapis.com/uploads-65469306917.us-central1.cloudfunctions.appspot.com/4358b198-0843-4ba9-a04c-60df05c2f222.zip?GoogleAccessId=service-584996100412@gcf-admin-robot.iam.gserviceaccount.com&Expires=1742140281&Signature=D0T8cYDAIOs2iK60VtNuKMH%2B3%2BWNAvXcf%2FgSiBW0NjPbh2oUHi%2FguRDyq4S4BL5%2BGPM3ZjnqbsJQ1%2F8YlANZwQKwoJwPghc8yQni00D5nwU1NfE03ktmIrEGnh3zyqMCKNxyn0JlWjC2Y%2B%2F5XzwJGVlEjH5iDMexzqRLIjTi2a9RgdgljgeeDFOKVqSDrqfFXt4znO11BBqc9BFH93EdfcpnMluEUbZdT24cbhlViA%2Ba%2BrJaQgnjfh5sWDu%2BZ0gIwxhISTqrKH7J5vPpBZvQD7ZR6L0nZeB5kHcl1tdwRhTH5iTN2tjDBCzFsBTjvjMsxbTd%2BoTCVDYQwCQSBpo8fg%3D%3D","environmentVariables":{"FIREBASE_CONFIG":"{\"projectId\":\"bao-car-liao\",\"storageBucket\":\"bao-car-liao.firebasestorage.app\"}","GCLOUD_PROJECT":"bao-car-liao","EVENTARC_CLOUD_EVENT_SOURCE":"projects/bao-car-liao/locations/us-central1/functions/deleteUser"},"runtime":"nodejs18","buildEnvironmentVariables":{"GOOGLE_NODE_RUN_SCRIPTS":""},"sourceToken":"e01c9328-e32a-44ba-a169-1979145f6795","dockerRegistry":"ARTIFACT_REGISTRY"},"versionId":"1","updateTime":"2025-03-16T15:22:44.415570528Z","buildId":"75b933fe-6507-457d-ad70-fe6bbd5776de","sourceToken":"e01c9328-e32a-44ba-a169-1979145f6795","buildName":"projects/584996100412/locations/us-central1/builds/75b933fe-6507-457d-ad70-fe6bbd5776de"}}
[debug] [2025-03-16T15:22:54.067Z] Got source token e01c9328-e32a-44ba-a169-1979145f6795 for region us-central1
[debug] [2025-03-16T15:23:02.068Z] [create-default-us-central1-deleteUser] Retrying task index 0
[debug] [2025-03-16T15:23:02.069Z] Checked if tokens are valid: true, expires at: 1742141032070
[debug] [2025-03-16T15:23:02.069Z] Checked if tokens are valid: true, expires at: 1742141032070
[debug] [2025-03-16T15:23:02.069Z] >>> [apiv2][query] GET https://cloudfunctions.googleapis.com/v1/operations/cHJvamVjdHMvYmFvLWNhci1saWFvL2xvY2F0aW9ucy91cy1jZW50cmFsMS9vcGVyYXRpb25zL29wZXJhdGlvbi0xNzQyMTM4NTYzOTgyLTYzMDc3M2U0MTczNGUtY2VkMjM5YmYtMTE5YTdmYTQ [none]
[debug] [2025-03-16T15:23:02.456Z] <<< [apiv2][status] GET https://cloudfunctions.googleapis.com/v1/operations/cHJvamVjdHMvYmFvLWNhci1saWFvL2xvY2F0aW9ucy91cy1jZW50cmFsMS9vcGVyYXRpb25zL29wZXJhdGlvbi0xNzQyMTM4NTYzOTgyLTYzMDc3M2U0MTczNGUtY2VkMjM5YmYtMTE5YTdmYTQ 200
[debug] [2025-03-16T15:23:02.456Z] <<< [apiv2][body] GET https://cloudfunctions.googleapis.com/v1/operations/cHJvamVjdHMvYmFvLWNhci1saWFvL2xvY2F0aW9ucy91cy1jZW50cmFsMS9vcGVyYXRpb25zL29wZXJhdGlvbi0xNzQyMTM4NTYzOTgyLTYzMDc3M2U0MTczNGUtY2VkMjM5YmYtMTE5YTdmYTQ {"name":"operations/cHJvamVjdHMvYmFvLWNhci1saWFvL2xvY2F0aW9ucy91cy1jZW50cmFsMS9vcGVyYXRpb25zL29wZXJhdGlvbi0xNzQyMTM4NTYzOTgyLTYzMDc3M2U0MTczNGUtY2VkMjM5YmYtMTE5YTdmYTQ","metadata":{"@type":"type.googleapis.com/google.cloud.functions.v1.OperationMetadataV1","target":"projects/bao-car-liao/locations/us-central1/functions/deleteUser","type":"CREATE_FUNCTION","request":{"@type":"type.googleapis.com/google.cloud.functions.v1.CloudFunction","name":"projects/bao-car-liao/locations/us-central1/functions/deleteUser","httpsTrigger":{"securityLevel":"SECURE_ALWAYS"},"entryPoint":"deleteUser","updateTime":"1970-01-01T00:00:00Z","labels":{"deployment-tool":"cli-firebase","deployment-callable":"true","firebase-functions-hash":"2c6d9be6857a6c81d469501787a97faa08583a66"},"sourceUploadUrl":"https://storage.googleapis.com/uploads-65469306917.us-central1.cloudfunctions.appspot.com/4358b198-0843-4ba9-a04c-60df05c2f222.zip?GoogleAccessId=service-584996100412@gcf-admin-robot.iam.gserviceaccount.com&Expires=1742140281&Signature=D0T8cYDAIOs2iK60VtNuKMH%2B3%2BWNAvXcf%2FgSiBW0NjPbh2oUHi%2FguRDyq4S4BL5%2BGPM3ZjnqbsJQ1%2F8YlANZwQKwoJwPghc8yQni00D5nwU1NfE03ktmIrEGnh3zyqMCKNxyn0JlWjC2Y%2B%2F5XzwJGVlEjH5iDMexzqRLIjTi2a9RgdgljgeeDFOKVqSDrqfFXt4znO11BBqc9BFH93EdfcpnMluEUbZdT24cbhlViA%2Ba%2BrJaQgnjfh5sWDu%2BZ0gIwxhISTqrKH7J5vPpBZvQD7ZR6L0nZeB5kHcl1tdwRhTH5iTN2tjDBCzFsBTjvjMsxbTd%2BoTCVDYQwCQSBpo8fg%3D%3D","environmentVariables":{"FIREBASE_CONFIG":"{\"projectId\":\"bao-car-liao\",\"storageBucket\":\"bao-car-liao.firebasestorage.app\"}","GCLOUD_PROJECT":"bao-car-liao","EVENTARC_CLOUD_EVENT_SOURCE":"projects/bao-car-liao/locations/us-central1/functions/deleteUser"},"runtime":"nodejs18","buildEnvironmentVariables":{"GOOGLE_NODE_RUN_SCRIPTS":""},"sourceToken":"e01c9328-e32a-44ba-a169-1979145f6795","dockerRegistry":"ARTIFACT_REGISTRY"},"versionId":"1","updateTime":"2025-03-16T15:22:59.068346416Z","buildId":"75b933fe-6507-457d-ad70-fe6bbd5776de","sourceToken":"e01c9328-e32a-44ba-a169-1979145f6795","buildName":"projects/584996100412/locations/us-central1/builds/75b933fe-6507-457d-ad70-fe6bbd5776de"},"done":true,"response":{"@type":"type.googleapis.com/google.cloud.functions.v1.CloudFunction","name":"projects/bao-car-liao/locations/us-central1/functions/deleteUser","httpsTrigger":{"url":"https://us-central1-bao-car-liao.cloudfunctions.net/deleteUser","securityLevel":"SECURE_ALWAYS"},"status":"ACTIVE","entryPoint":"deleteUser","timeout":"60s","availableMemoryMb":256,"serviceAccountEmail":"bao-car-liao@appspot.gserviceaccount.com","updateTime":"2025-03-16T15:22:44.411542910Z","versionId":"1","labels":{"deployment-tool":"cli-firebase","deployment-callable":"true","firebase-functions-hash":"2c6d9be6857a6c81d469501787a97faa08583a66"},"sourceUploadUrl":"https://storage.googleapis.com/uploads-65469306917.us-central1.cloudfunctions.appspot.com/4358b198-0843-4ba9-a04c-60df05c2f222.zip","environmentVariables":{"FIREBASE_CONFIG":"{\"projectId\":\"bao-car-liao\",\"storageBucket\":\"bao-car-liao.firebasestorage.app\"}","GCLOUD_PROJECT":"bao-car-liao","EVENTARC_CLOUD_EVENT_SOURCE":"projects/bao-car-liao/locations/us-central1/functions/deleteUser"},"runtime":"nodejs18","ingressSettings":"ALLOW_ALL","buildId":"75b933fe-6507-457d-ad70-fe6bbd5776de","buildEnvironmentVariables":{"GOOGLE_NODE_RUN_SCRIPTS":""},"buildName":"projects/584996100412/locations/us-central1/builds/75b933fe-6507-457d-ad70-fe6bbd5776de","dockerRegistry":"ARTIFACT_REGISTRY","automaticUpdatePolicy":{},"buildServiceAccount":"projects/bao-car-liao/serviceAccounts/584996100412-compute@developer.gserviceaccount.com"}}
[debug] [2025-03-16T15:23:02.457Z] Got source token e01c9328-e32a-44ba-a169-1979145f6795 for region us-central1
[debug] [2025-03-16T15:23:02.458Z] Checked if tokens are valid: true, expires at: 1742141032070
[debug] [2025-03-16T15:23:02.458Z] Checked if tokens are valid: true, expires at: 1742141032070
[debug] [2025-03-16T15:23:02.459Z] >>> [apiv2][query] POST https://cloudfunctions.googleapis.com/v1/projects/bao-car-liao/locations/us-central1/functions/deleteUser:setIamPolicy [none]
[debug] [2025-03-16T15:23:02.459Z] >>> [apiv2][body] POST https://cloudfunctions.googleapis.com/v1/projects/bao-car-liao/locations/us-central1/functions/deleteUser:setIamPolicy {"policy":{"bindings":[{"role":"roles/cloudfunctions.invoker","members":["allUsers"]}],"etag":"","version":3},"updateMask":"bindings,etag,version"}
[debug] [2025-03-16T15:23:03.068Z] <<< [apiv2][status] POST https://cloudfunctions.googleapis.com/v1/projects/bao-car-liao/locations/us-central1/functions/deleteUser:setIamPolicy 200
[debug] [2025-03-16T15:23:03.069Z] <<< [apiv2][body] POST https://cloudfunctions.googleapis.com/v1/projects/bao-car-liao/locations/us-central1/functions/deleteUser:setIamPolicy {"version":1,"etag":"BwYwdz9ho9Y=","bindings":[{"role":"roles/cloudfunctions.invoker","members":["allUsers"]}]}
[info] ✔  functions[deleteUser(us-central1)] Successful create operation. 
[debug] [2025-03-16T15:23:04.068Z] [create-default-us-central1-updateAuthUser] Retrying task index 0
[debug] [2025-03-16T15:23:04.069Z] Checked if tokens are valid: true, expires at: 1742141032070
[debug] [2025-03-16T15:23:04.069Z] Checked if tokens are valid: true, expires at: 1742141032070
[debug] [2025-03-16T15:23:04.070Z] >>> [apiv2][query] GET https://cloudfunctions.googleapis.com/v1/operations/cHJvamVjdHMvYmFvLWNhci1saWFvL2xvY2F0aW9ucy91cy1jZW50cmFsMS9vcGVyYXRpb25zL29wZXJhdGlvbi0xNzQyMTM4NDgyNzE1LTYzMDc3Mzk2OTY5ZWUtNDIyYzliMmItNGY5YTZjNGU [none]
[debug] [2025-03-16T15:23:04.507Z] <<< [apiv2][status] GET https://cloudfunctions.googleapis.com/v1/operations/cHJvamVjdHMvYmFvLWNhci1saWFvL2xvY2F0aW9ucy91cy1jZW50cmFsMS9vcGVyYXRpb25zL29wZXJhdGlvbi0xNzQyMTM4NDgyNzE1LTYzMDc3Mzk2OTY5ZWUtNDIyYzliMmItNGY5YTZjNGU 200
[debug] [2025-03-16T15:23:04.507Z] <<< [apiv2][body] GET https://cloudfunctions.googleapis.com/v1/operations/cHJvamVjdHMvYmFvLWNhci1saWFvL2xvY2F0aW9ucy91cy1jZW50cmFsMS9vcGVyYXRpb25zL29wZXJhdGlvbi0xNzQyMTM4NDgyNzE1LTYzMDc3Mzk2OTY5ZWUtNDIyYzliMmItNGY5YTZjNGU {"name":"operations/cHJvamVjdHMvYmFvLWNhci1saWFvL2xvY2F0aW9ucy91cy1jZW50cmFsMS9vcGVyYXRpb25zL29wZXJhdGlvbi0xNzQyMTM4NDgyNzE1LTYzMDc3Mzk2OTY5ZWUtNDIyYzliMmItNGY5YTZjNGU","metadata":{"@type":"type.googleapis.com/google.cloud.functions.v1.OperationMetadataV1","target":"projects/bao-car-liao/locations/us-central1/functions/updateAuthUser","type":"CREATE_FUNCTION","request":{"@type":"type.googleapis.com/google.cloud.functions.v1.CloudFunction","name":"projects/bao-car-liao/locations/us-central1/functions/updateAuthUser","httpsTrigger":{"securityLevel":"SECURE_ALWAYS"},"entryPoint":"updateAuthUser","updateTime":"1970-01-01T00:00:00Z","labels":{"deployment-tool":"cli-firebase","deployment-callable":"true","firebase-functions-hash":"2c6d9be6857a6c81d469501787a97faa08583a66"},"sourceUploadUrl":"https://storage.googleapis.com/uploads-65469306917.us-central1.cloudfunctions.appspot.com/4358b198-0843-4ba9-a04c-60df05c2f222.zip?GoogleAccessId=service-584996100412@gcf-admin-robot.iam.gserviceaccount.com&Expires=1742140281&Signature=D0T8cYDAIOs2iK60VtNuKMH%2B3%2BWNAvXcf%2FgSiBW0NjPbh2oUHi%2FguRDyq4S4BL5%2BGPM3ZjnqbsJQ1%2F8YlANZwQKwoJwPghc8yQni00D5nwU1NfE03ktmIrEGnh3zyqMCKNxyn0JlWjC2Y%2B%2F5XzwJGVlEjH5iDMexzqRLIjTi2a9RgdgljgeeDFOKVqSDrqfFXt4znO11BBqc9BFH93EdfcpnMluEUbZdT24cbhlViA%2Ba%2BrJaQgnjfh5sWDu%2BZ0gIwxhISTqrKH7J5vPpBZvQD7ZR6L0nZeB5kHcl1tdwRhTH5iTN2tjDBCzFsBTjvjMsxbTd%2BoTCVDYQwCQSBpo8fg%3D%3D","environmentVariables":{"FIREBASE_CONFIG":"{\"projectId\":\"bao-car-liao\",\"storageBucket\":\"bao-car-liao.firebasestorage.app\"}","GCLOUD_PROJECT":"bao-car-liao","EVENTARC_CLOUD_EVENT_SOURCE":"projects/bao-car-liao/locations/us-central1/functions/updateAuthUser"},"runtime":"nodejs18","buildEnvironmentVariables":{"GOOGLE_NODE_RUN_SCRIPTS":""},"dockerRegistry":"ARTIFACT_REGISTRY"},"versionId":"1","updateTime":"2025-03-16T15:22:59.288812792Z","buildId":"75b933fe-6507-457d-ad70-fe6bbd5776de","sourceToken":"e01c9328-e32a-44ba-a169-1979145f6795","buildName":"projects/584996100412/locations/us-central1/builds/75b933fe-6507-457d-ad70-fe6bbd5776de"},"done":true,"response":{"@type":"type.googleapis.com/google.cloud.functions.v1.CloudFunction","name":"projects/bao-car-liao/locations/us-central1/functions/updateAuthUser","httpsTrigger":{"url":"https://us-central1-bao-car-liao.cloudfunctions.net/updateAuthUser","securityLevel":"SECURE_ALWAYS"},"status":"ACTIVE","entryPoint":"updateAuthUser","timeout":"60s","availableMemoryMb":256,"serviceAccountEmail":"bao-car-liao@appspot.gserviceaccount.com","updateTime":"2025-03-16T15:21:23.178112205Z","versionId":"1","labels":{"deployment-callable":"true","firebase-functions-hash":"2c6d9be6857a6c81d469501787a97faa08583a66","deployment-tool":"cli-firebase"},"sourceUploadUrl":"https://storage.googleapis.com/uploads-65469306917.us-central1.cloudfunctions.appspot.com/4358b198-0843-4ba9-a04c-60df05c2f222.zip","environmentVariables":{"FIREBASE_CONFIG":"{\"projectId\":\"bao-car-liao\",\"storageBucket\":\"bao-car-liao.firebasestorage.app\"}","GCLOUD_PROJECT":"bao-car-liao","EVENTARC_CLOUD_EVENT_SOURCE":"projects/bao-car-liao/locations/us-central1/functions/updateAuthUser"},"runtime":"nodejs18","ingressSettings":"ALLOW_ALL","buildId":"75b933fe-6507-457d-ad70-fe6bbd5776de","buildEnvironmentVariables":{"GOOGLE_NODE_RUN_SCRIPTS":""},"buildName":"projects/584996100412/locations/us-central1/builds/75b933fe-6507-457d-ad70-fe6bbd5776de","dockerRegistry":"ARTIFACT_REGISTRY","automaticUpdatePolicy":{},"buildServiceAccount":"projects/bao-car-liao/serviceAccounts/584996100412-compute@developer.gserviceaccount.com"}}
[debug] [2025-03-16T15:23:04.508Z] Got source token e01c9328-e32a-44ba-a169-1979145f6795 for region us-central1
[debug] [2025-03-16T15:23:04.508Z] Checked if tokens are valid: true, expires at: 1742141032070
[debug] [2025-03-16T15:23:04.508Z] Checked if tokens are valid: true, expires at: 1742141032070
[debug] [2025-03-16T15:23:04.508Z] >>> [apiv2][query] POST https://cloudfunctions.googleapis.com/v1/projects/bao-car-liao/locations/us-central1/functions/updateAuthUser:setIamPolicy [none]
[debug] [2025-03-16T15:23:04.508Z] >>> [apiv2][body] POST https://cloudfunctions.googleapis.com/v1/projects/bao-car-liao/locations/us-central1/functions/updateAuthUser:setIamPolicy {"policy":{"bindings":[{"role":"roles/cloudfunctions.invoker","members":["allUsers"]}],"etag":"","version":3},"updateMask":"bindings,etag,version"}
[debug] [2025-03-16T15:23:05.093Z] <<< [apiv2][status] POST https://cloudfunctions.googleapis.com/v1/projects/bao-car-liao/locations/us-central1/functions/updateAuthUser:setIamPolicy 200
[debug] [2025-03-16T15:23:05.093Z] <<< [apiv2][body] POST https://cloudfunctions.googleapis.com/v1/projects/bao-car-liao/locations/us-central1/functions/updateAuthUser:setIamPolicy {"version":1,"etag":"BwYwdz+CHh4=","bindings":[{"role":"roles/cloudfunctions.invoker","members":["allUsers"]}]}
[info] ✔  functions[updateAuthUser(us-central1)] Successful create operation. 
[debug] [2025-03-16T15:23:05.101Z] Total Function Deployment time: 102675
[debug] [2025-03-16T15:23:05.101Z] 2 Functions Deployed
[debug] [2025-03-16T15:23:05.101Z] 0 Functions Errored
[debug] [2025-03-16T15:23:05.101Z] 0 Function Deployments Aborted
[debug] [2025-03-16T15:23:05.101Z] Average Function Deployment time: 101661
[info] i  functions: cleaning up build files... 
[debug] [2025-03-16T15:23:05.154Z] Checked if tokens are valid: true, expires at: 1742141032070
[debug] [2025-03-16T15:23:05.154Z] Checked if tokens are valid: true, expires at: 1742141032070
[debug] [2025-03-16T15:23:05.154Z] Checked if tokens are valid: true, expires at: 1742141032070
[debug] [2025-03-16T15:23:05.154Z] Checked if tokens are valid: true, expires at: 1742141032070
[debug] [2025-03-16T15:23:05.155Z] Checked if tokens are valid: true, expires at: 1742141032070
[debug] [2025-03-16T15:23:05.155Z] Checked if tokens are valid: true, expires at: 1742141032070
[debug] [2025-03-16T15:23:05.155Z] >>> [apiv2][query] DELETE https://artifactregistry.googleapis.com/v1beta2/projects/bao-car-liao/locations/us-central1/repositories/gcf-artifacts/packages/update_auth_user [none]
[debug] [2025-03-16T15:23:05.157Z] >>> [apiv2][query] DELETE https://artifactregistry.googleapis.com/v1beta2/projects/bao-car-liao/locations/us-central1/repositories/gcf-artifacts/packages/delete_user [none]
[debug] [2025-03-16T15:23:05.157Z] >>> [apiv2][query] GET https://us.gcr.io/v2/bao-car-liao/gcf/us-central1/tags/list [none]
[debug] [2025-03-16T15:23:06.433Z] <<< [apiv2][status] DELETE https://artifactregistry.googleapis.com/v1beta2/projects/bao-car-liao/locations/us-central1/repositories/gcf-artifacts/packages/update_auth_user 200
[debug] [2025-03-16T15:23:06.434Z] <<< [apiv2][body] DELETE https://artifactregistry.googleapis.com/v1beta2/projects/bao-car-liao/locations/us-central1/repositories/gcf-artifacts/packages/update_auth_user {"name":"projects/bao-car-liao/locations/us-central1/operations/2a4b383d-6892-4d0f-a7ed-47471c30bf1f","metadata":{"@type":"type.googleapis.com/google.devtools.artifactregistry.v1beta2.OperationMetadata"}}
[debug] [2025-03-16T15:23:06.434Z] Checked if tokens are valid: true, expires at: 1742141032070
[debug] [2025-03-16T15:23:06.435Z] Checked if tokens are valid: true, expires at: 1742141032070
[debug] [2025-03-16T15:23:06.435Z] >>> [apiv2][query] GET https://artifactregistry.googleapis.com/v1beta2/projects/bao-car-liao/locations/us-central1/operations/2a4b383d-6892-4d0f-a7ed-47471c30bf1f [none]
[debug] [2025-03-16T15:23:06.482Z] <<< [apiv2][status] DELETE https://artifactregistry.googleapis.com/v1beta2/projects/bao-car-liao/locations/us-central1/repositories/gcf-artifacts/packages/delete_user 404
[debug] [2025-03-16T15:23:06.482Z] <<< [apiv2][body] DELETE https://artifactregistry.googleapis.com/v1beta2/projects/bao-car-liao/locations/us-central1/repositories/gcf-artifacts/packages/delete_user {"error":{"code":404,"message":"Package \"projects/bao-car-liao/locations/us-central1/repositories/gcf-artifacts/packages/delete_user\" was not found.","status":"NOT_FOUND"}}
[debug] [2025-03-16T15:23:07.676Z] <<< [apiv2][status] GET https://artifactregistry.googleapis.com/v1beta2/projects/bao-car-liao/locations/us-central1/operations/2a4b383d-6892-4d0f-a7ed-47471c30bf1f 200
[debug] [2025-03-16T15:23:07.677Z] <<< [apiv2][body] GET https://artifactregistry.googleapis.com/v1beta2/projects/bao-car-liao/locations/us-central1/operations/2a4b383d-6892-4d0f-a7ed-47471c30bf1f {"name":"projects/bao-car-liao/locations/us-central1/operations/2a4b383d-6892-4d0f-a7ed-47471c30bf1f","metadata":{"@type":"type.googleapis.com/google.devtools.artifactregistry.v1beta2.OperationMetadata"},"done":true,"response":{"@type":"type.googleapis.com/google.protobuf.Empty"}}
[debug] [2025-03-16T15:23:07.982Z] <<< [apiv2][status] GET https://us.gcr.io/v2/bao-car-liao/gcf/us-central1/tags/list 404
[debug] [2025-03-16T15:23:07.983Z] <<< [apiv2][body] GET https://us.gcr.io/v2/bao-car-liao/gcf/us-central1/tags/list {"errors":[{"code":"NAME_UNKNOWN","message":"Repository \"us.gcr.io\" not found"}]}
[debug] [2025-03-16T15:23:07.983Z] Failed docker command with error  Request to https://us.gcr.io/v2/bao-car-liao/gcf/us-central1/tags/list had HTTP Error: 404, Not Found {"name":"FirebaseError","children":[],"context":{"body":{"errors":[{"code":"NAME_UNKNOWN","message":"Repository \"us.gcr.io\" not found"}],"error":{"message":"Not Found"}},"response":{"statusCode":404}},"exit":1,"message":"Request to https://us.gcr.io/v2/bao-car-liao/gcf/us-central1/tags/list had HTTP Error: 404, Not Found","status":404}
[debug] [2025-03-16T15:23:07.985Z] Checked if tokens are valid: true, expires at: 1742141032070
[debug] [2025-03-16T15:23:07.986Z] Checked if tokens are valid: true, expires at: 1742141032070
[debug] [2025-03-16T15:23:07.986Z] >>> [apiv2][query] GET https://us.gcr.io/v2/bao-car-liao/gcf/us-central1/tags/list [none]
[debug] [2025-03-16T15:23:08.397Z] <<< [apiv2][status] GET https://us.gcr.io/v2/bao-car-liao/gcf/us-central1/tags/list 404
[debug] [2025-03-16T15:23:08.397Z] <<< [apiv2][body] GET https://us.gcr.io/v2/bao-car-liao/gcf/us-central1/tags/list {"errors":[{"code":"NAME_UNKNOWN","message":"Repository \"us.gcr.io\" not found"}]}
[debug] [2025-03-16T15:23:08.397Z] Failed docker command with error  Request to https://us.gcr.io/v2/bao-car-liao/gcf/us-central1/tags/list had HTTP Error: 404, Not Found {"name":"FirebaseError","children":[],"context":{"body":{"errors":[{"code":"NAME_UNKNOWN","message":"Repository \"us.gcr.io\" not found"}],"error":{"message":"Not Found"}},"response":{"statusCode":404}},"exit":1,"message":"Request to https://us.gcr.io/v2/bao-car-liao/gcf/us-central1/tags/list had HTTP Error: 404, Not Found","status":404}
[debug] [2025-03-16T15:23:08.498Z] Checked if tokens are valid: true, expires at: 1742141032070
[debug] [2025-03-16T15:23:08.499Z] Checked if tokens are valid: true, expires at: 1742141032070
[debug] [2025-03-16T15:23:08.499Z] >>> [apiv2][query] GET https://us.gcr.io/v2/bao-car-liao/gcf/us-central1/tags/list [none]
[debug] [2025-03-16T15:23:09.008Z] <<< [apiv2][status] GET https://us.gcr.io/v2/bao-car-liao/gcf/us-central1/tags/list 404
[debug] [2025-03-16T15:23:09.008Z] <<< [apiv2][body] GET https://us.gcr.io/v2/bao-car-liao/gcf/us-central1/tags/list {"errors":[{"code":"NAME_UNKNOWN","message":"Repository \"us.gcr.io\" not found"}]}
[debug] [2025-03-16T15:23:09.009Z] Failed docker command with error  Request to https://us.gcr.io/v2/bao-car-liao/gcf/us-central1/tags/list had HTTP Error: 404, Not Found {"name":"FirebaseError","children":[],"context":{"body":{"errors":[{"code":"NAME_UNKNOWN","message":"Repository \"us.gcr.io\" not found"}],"error":{"message":"Not Found"}},"response":{"statusCode":404}},"exit":1,"message":"Request to https://us.gcr.io/v2/bao-car-liao/gcf/us-central1/tags/list had HTTP Error: 404, Not Found","status":404}
[warn] ⚠  functions: Unhandled error cleaning up build images. This could result in a small monthly bill if not corrected. You can attempt to delete these images by redeploying or you can delete them manually at https://console.cloud.google.com/gcr/images/bao-car-liao/us/gcf 
[info] 
[info] ✔  Deploy complete! 
[info] 
[info] Project Console: https://console.firebase.google.com/project/bao-car-liao/overview
